{"logTime": "1113/162600", "correlationVector":"XTcdru14aWoceGRUJIOvl7.173","action":"GetUpdates", "result":"DeleteReceived", "context":{"id":"66c2f29f-0c1a-4f07-8164-280fa942e1a7", "isDeleted:":"true", "version":"1731351835290"}}
{"logTime": "1113/162600", "correlationVector":"XTcdru14aWoceGRUJIOvl7.174","action":"GetUpdates", "result":"DeleteReceived", "context":{"id":"ea7d28bc-e7c7-48c5-82e9-b6f06b2c2765", "isDeleted:":"true", "version":"1731351835291"}}
{"logTime": "1113/162600", "correlationVector":"XTcdru14aWoceGRUJIOvl7.175","action":"GetUpdates", "result":"DeleteReceived", "context":{"id":"d6f95861-2515-4720-9c38-e3a6bfaff4f7", "isDeleted:":"true", "version":"1731352111777"}}
{"logTime": "1113/162600", "correlationVector":"XTcdru14aWoceGRUJIOvl7.176","action":"GetUpdates", "result":"DeleteReceived", "context":{"id":"dd159f8c-7159-455d-be31-e891662a557f", "isDeleted:":"true", "version":"1731354557925"}}
{"logTime": "1113/162600", "correlationVector":"XTcdru14aWoceGRUJIOvl7.177","action":"GetUpdates", "result":"DeleteReceived", "context":{"id":"8cdf12fe-71ff-485a-8b7e-5749705ebc04", "isDeleted:":"true", "version":"1731371504061"}}
{"logTime": "1113/162600", "correlationVector":"XTcdru14aWoceGRUJIOvl7.178","action":"GetUpdates", "result":"DeleteReceived", "context":{"id":"cd320b92-75e3-48a8-b8b1-daa09bc23db1", "isDeleted:":"true", "version":"1731371504062"}}
{"logTime": "1113/162600", "correlationVector":"XTcdru14aWoceGRUJIOvl7.179","action":"GetUpdates", "result":"DeleteReceived", "context":{"id":"36f506f8-dfc9-465e-8407-f1827878d301", "isDeleted:":"true", "version":"1731371504063"}}
{"logTime": "1113/162600", "correlationVector":"XTcdru14aWoceGRUJIOvl7.180","action":"GetUpdates", "result":"DeleteReceived", "context":{"id":"dec7061f-d043-42a7-bc35-fbe0d2e3bc89", "isDeleted:":"true", "version":"1731371504064"}}
{"logTime": "1113/162600", "correlationVector":"XTcdru14aWoceGRUJIOvl7.181","action":"GetUpdates", "result":"DeleteReceived", "context":{"id":"bd993e06-118e-44ea-95bf-34b71159db18", "isDeleted:":"true", "version":"1731371504065"}}
{"logTime": "1113/162600", "correlationVector":"XTcdru14aWoceGRUJIOvl7.182","action":"GetUpdates", "result":"DeleteReceived", "context":{"id":"2b1e9c80-e8ae-4aa3-a681-079d74c8082c", "isDeleted:":"true", "version":"1731371504066"}}
{"logTime": "1113/162600", "correlationVector":"XTcdru14aWoceGRUJIOvl7.183","action":"GetUpdates", "result":"DeleteReceived", "context":{"id":"46656a25-dddf-48f7-9b1a-63002d638193", "isDeleted:":"true", "version":"1731371504068"}}
{"logTime": "1113/162600", "correlationVector":"XTcdru14aWoceGRUJIOvl7.184","action":"GetUpdates", "result":"DeleteReceived", "context":{"id":"cf69c948-fde9-4665-9937-cc173297b7bc", "isDeleted:":"true", "version":"1731371504069"}}
{"logTime": "1113/162600", "correlationVector":"XTcdru14aWoceGRUJIOvl7.185","action":"GetUpdates", "result":"DeleteReceived", "context":{"id":"8e9582e2-9481-47d9-9744-ad859d41272d", "isDeleted:":"true", "version":"1731371504070"}}
{"logTime": "1113/162600", "correlationVector":"XTcdru14aWoceGRUJIOvl7.186","action":"GetUpdates", "result":"DeleteReceived", "context":{"id":"cf664410-8e8d-4d38-b9d3-e320961784fb", "isDeleted:":"true", "version":"1731371504071"}}
{"logTime": "1113/162600", "correlationVector":"XTcdru14aWoceGRUJIOvl7.187","action":"GetUpdates", "result":"DeleteReceived", "context":{"id":"0b1ec1df-67b1-406d-a0e3-ee9bf0e952c4", "isDeleted:":"true", "version":"1731371504072"}}
{"logTime": "1113/162600", "correlationVector":"XTcdru14aWoceGRUJIOvl7.188","action":"GetUpdates", "result":"DeleteReceived", "context":{"id":"f2357899-ecc6-4a82-aa46-a49c262083cb", "isDeleted:":"true", "version":"1731371504073"}}
{"logTime": "1113/162600", "correlationVector":"XTcdru14aWoceGRUJIOvl7.189","action":"GetUpdates", "result":"DeleteReceived", "context":{"id":"5054e5d6-1e3c-43f2-bd24-dd5b40f8be06", "isDeleted:":"true", "version":"1731371504074"}}
{"logTime": "1113/162600", "correlationVector":"XTcdru14aWoceGRUJIOvl7.190","action":"GetUpdates", "result":"DeleteReceived", "context":{"id":"7eba285e-4a00-4998-84fb-3f24fba331dc", "isDeleted:":"true", "version":"1731371504075"}}
{"logTime": "1113/162600", "correlationVector":"XTcdru14aWoceGRUJIOvl7.191","action":"GetUpdates", "result":"DeleteReceived", "context":{"id":"53a52d22-a3a3-4be0-891a-eb923ecafdfd", "isDeleted:":"true", "version":"1731371504076"}}
{"logTime": "1113/162600", "correlationVector":"XTcdru14aWoceGRUJIOvl7.192","action":"GetUpdates", "result":"DeleteReceived", "context":{"id":"c8621f08-227c-4568-ac53-dcd453553137", "isDeleted:":"true", "version":"1731371504077"}}
{"logTime": "1113/162600", "correlationVector":"XTcdru14aWoceGRUJIOvl7.193","action":"GetUpdates", "result":"DeleteReceived", "context":{"id":"560b116a-a2e4-478a-8ebd-5a8c40490135", "isDeleted:":"true", "version":"1731371504078"}}
{"logTime": "1113/162600", "correlationVector":"XTcdru14aWoceGRUJIOvl7.194","action":"GetUpdates", "result":"DeleteReceived", "context":{"id":"2dd94adb-ad7d-4638-b15d-9ed2a168743b", "isDeleted:":"true", "version":"1731371504079"}}
{"logTime": "1113/162600", "correlationVector":"XTcdru14aWoceGRUJIOvl7.195","action":"GetUpdates", "result":"DeleteReceived", "context":{"id":"2064e1ec-9816-4422-be15-cd1ab33cb1ff", "isDeleted:":"true", "version":"1731371504080"}}
{"logTime": "1113/162600", "correlationVector":"XTcdru14aWoceGRUJIOvl7.196","action":"GetUpdates", "result":"DeleteReceived", "context":{"id":"8f0f159b-451f-4176-b33c-4ba83649be7c", "isDeleted:":"true", "version":"1731371504081"}}
{"logTime": "1113/162600", "correlationVector":"XTcdru14aWoceGRUJIOvl7.197","action":"GetUpdates", "result":"DeleteReceived", "context":{"id":"d156a3a2-d84a-47cd-9660-5d54312f2967", "isDeleted:":"true", "version":"1731371504082"}}
{"logTime": "1113/162600", "correlationVector":"XTcdru14aWoceGRUJIOvl7.198","action":"GetUpdates", "result":"DeleteReceived", "context":{"id":"ac3c42ee-c37c-403d-bfc6-b15c15475c49", "isDeleted:":"true", "version":"1731371504083"}}
{"logTime": "1113/162600", "correlationVector":"XTcdru14aWoceGRUJIOvl7.199","action":"GetUpdates", "result":"DeleteReceived", "context":{"id":"408aa657-e9b9-4b1c-a2a1-542d11535920", "isDeleted:":"true", "version":"1731371504084"}}
{"logTime": "1113/162600", "correlationVector":"XTcdru14aWoceGRUJIOvl7.200","action":"GetUpdates", "result":"DeleteReceived", "context":{"id":"7a3a1349-0b75-4a5a-98b7-232fb5b6f320", "isDeleted:":"true", "version":"1731371504085"}}
{"logTime": "1113/162600", "correlationVector":"XTcdru14aWoceGRUJIOvl7.201","action":"GetUpdates", "result":"DeleteReceived", "context":{"id":"58e24c1a-2c4e-4829-9171-9d22cc6e253d", "isDeleted:":"true", "version":"1731371504086"}}
{"logTime": "1113/162600", "correlationVector":"XTcdru14aWoceGRUJIOvl7.202","action":"GetUpdates", "result":"DeleteReceived", "context":{"id":"a9fcef90-2b8a-48d7-9c62-207790c4af52", "isDeleted:":"true", "version":"1731371504088"}}
{"logTime": "1113/162600", "correlationVector":"XTcdru14aWoceGRUJIOvl7.203","action":"GetUpdates", "result":"DeleteReceived", "context":{"id":"c0b88fee-9177-4b71-bc87-9d6eba2d3d0d", "isDeleted:":"true", "version":"1731371504089"}}
{"logTime": "1113/162600", "correlationVector":"XTcdru14aWoceGRUJIOvl7.204","action":"GetUpdates", "result":"DeleteReceived", "context":{"id":"2077160a-efb0-437d-ad0c-b1f2c6651984", "isDeleted:":"true", "version":"1731373285188"}}
{"logTime": "1113/162600", "correlationVector":"XTcdru14aWoceGRUJIOvl7.205","action":"GetUpdates", "result":"DeleteReceived", "context":{"id":"d3210680-6b63-4173-b52b-068125259ec9", "isDeleted:":"true", "version":"1731373654405"}}
{"logTime": "1113/162600", "correlationVector":"XTcdru14aWoceGRUJIOvl7.206","action":"GetUpdates", "result":"DeleteReceived", "context":{"id":"bbd0e405-0836-4f42-90cb-29b4d885c919", "isDeleted:":"true", "version":"1731373686422"}}
{"logTime": "1113/162600", "correlationVector":"XTcdru14aWoceGRUJIOvl7.207","action":"GetUpdates", "result":"DeleteReceived", "context":{"id":"3f554626-61b3-4b03-aff4-398d5e202506", "isDeleted:":"true", "version":"1731122379317"}}
{"logTime": "1113/162600", "correlationVector":"XTcdru14aWoceGRUJIOvl7.208","action":"GetUpdates Response", "result":"Success", "context":Received 251 update(s). cV=XTcdru14aWoceGRUJIOvl7.0;server=GENERAL0300001P;cloudType=Consumer;environment=Prod_SoutheastAsia_000j;migrationStage=NotStarted Some updates remain.}
{"logTime": "1113/162600", "correlationVector":"XqQtMpnyuOfXvZihCqYB69","action":"Normal GetUpdate request", "result":"", "context":cV=XqQtMpnyuOfXvZihCqYB69
Nudged types: Sessions, Device Info
Refresh requested types: Bookmarks, Preferences, Passwords, Autofill Profiles, Autofill, Typed URLs, Extensions, Sessions, Extension settings, History Delete Directives, Device Info, User Consents, Send Tab To Self, Web Apps, Collection, Edge E Drop, Edge Hub App Usage, Edge Tab Group, Edge Wallet, Encryption Keys}
{"logTime": "1113/162603", "correlationVector":"XqQtMpnyuOfXvZihCqYB69.1","action":"SyncServerConnectionManagerRequest", "result":"SYNC_SERVER_OK", "context":{"environment":"Prod_SoutheastAsia_000j", "migrationStage":"NotStarted", "server":"GENERAL0300002W"}}
{"logTime": "1113/162603", "correlationVector":"XqQtMpnyuOfXvZihCqYB69.2","action":"GetUpdates", "result":"DeleteReceived", "context":{"id":"d0c3e1ed-54ee-42e1-b085-6fa895aa411e", "isDeleted:":"true", "version":"1731395338391"}}
{"logTime": "1113/162603", "correlationVector":"XqQtMpnyuOfXvZihCqYB69.3","action":"GetUpdates", "result":"DeleteReceived", "context":{"id":"6490cd03-790c-4651-b742-32a0b70c14c6", "isDeleted:":"true", "version":"1731395338392"}}
{"logTime": "1113/162603", "correlationVector":"XqQtMpnyuOfXvZihCqYB69.4","action":"GetUpdates", "result":"DeleteReceived", "context":{"id":"f3afd964-2c12-44e9-b2aa-84e216f11311", "isDeleted:":"true", "version":"1731395338393"}}
{"logTime": "1113/162603", "correlationVector":"XqQtMpnyuOfXvZihCqYB69.5","action":"GetUpdates", "result":"DeleteReceived", "context":{"id":"228a884c-a695-4688-886a-b4b003a05846", "isDeleted:":"true", "version":"1731395338394"}}
{"logTime": "1113/162603", "correlationVector":"XqQtMpnyuOfXvZihCqYB69.6","action":"GetUpdates", "result":"DeleteReceived", "context":{"id":"5bd1e391-44df-45e4-b022-3dd7293988df", "isDeleted:":"true", "version":"1731395338396"}}
{"logTime": "1113/162603", "correlationVector":"XqQtMpnyuOfXvZihCqYB69.7","action":"GetUpdates", "result":"DeleteReceived", "context":{"id":"d7d05847-c24e-4a0a-bae9-25228ebf4ce9", "isDeleted:":"true", "version":"1731395338397"}}
{"logTime": "1113/162603", "correlationVector":"XqQtMpnyuOfXvZihCqYB69.8","action":"GetUpdates", "result":"DeleteReceived", "context":{"id":"46b2e024-45be-4d73-89cd-ddb53c91e13a", "isDeleted:":"true", "version":"1731395338398"}}
{"logTime": "1113/162603", "correlationVector":"XqQtMpnyuOfXvZihCqYB69.9","action":"GetUpdates", "result":"DeleteReceived", "context":{"id":"85c13f19-b017-4b62-9c68-5899a1cdf16c", "isDeleted:":"true", "version":"1731395338399"}}
{"logTime": "1113/162603", "correlationVector":"XqQtMpnyuOfXvZihCqYB69.10","action":"GetUpdates", "result":"DeleteReceived", "context":{"id":"80b32feb-d3bd-4c56-8f26-302a4cf84935", "isDeleted:":"true", "version":"1731395338400"}}
{"logTime": "1113/162603", "correlationVector":"XqQtMpnyuOfXvZihCqYB69.11","action":"GetUpdates", "result":"DeleteReceived", "context":{"id":"122510f7-83a3-4596-b361-cc8ef5916b33", "isDeleted:":"true", "version":"1731395338401"}}
{"logTime": "1113/162603", "correlationVector":"XqQtMpnyuOfXvZihCqYB69.12","action":"GetUpdates", "result":"DeleteReceived", "context":{"id":"94993ebc-0231-4f48-9869-cfb39a5c86a4", "isDeleted:":"true", "version":"1731395338402"}}
{"logTime": "1113/162603", "correlationVector":"XqQtMpnyuOfXvZihCqYB69.13","action":"GetUpdates", "result":"DeleteReceived", "context":{"id":"9d8a74fa-4403-4cee-8141-d6ed017e5f25", "isDeleted:":"true", "version":"1731395338403"}}
{"logTime": "1113/162603", "correlationVector":"XqQtMpnyuOfXvZihCqYB69.14","action":"GetUpdates", "result":"DeleteReceived", "context":{"id":"6deb2336-122f-493e-8759-4c55186ce903", "isDeleted:":"true", "version":"1731395338404"}}
{"logTime": "1113/162603", "correlationVector":"XqQtMpnyuOfXvZihCqYB69.15","action":"GetUpdates", "result":"DeleteReceived", "context":{"id":"6d6d3a6f-3b8b-4011-b6bd-1e637748b8fe", "isDeleted:":"true", "version":"1731395338406"}}
{"logTime": "1113/162603", "correlationVector":"XqQtMpnyuOfXvZihCqYB69.16","action":"GetUpdates", "result":"DeleteReceived", "context":{"id":"c4d8d54b-3216-4df4-b03b-0c32e46e2c80", "isDeleted:":"true", "version":"1731395338407"}}
{"logTime": "1113/162603", "correlationVector":"XqQtMpnyuOfXvZihCqYB69.17","action":"GetUpdates", "result":"DeleteReceived", "context":{"id":"23be0e02-3d5a-45d8-af54-c0b9c2300a5d", "isDeleted:":"true", "version":"1731396101463"}}
{"logTime": "1113/162603", "correlationVector":"XqQtMpnyuOfXvZihCqYB69.18","action":"GetUpdates", "result":"DeleteReceived", "context":{"id":"ce4b9d11-8ded-45b2-b5cc-d7af09a6eea9", "isDeleted:":"true", "version":"1731397597321"}}
{"logTime": "1113/162603", "correlationVector":"XqQtMpnyuOfXvZihCqYB69.19","action":"GetUpdates", "result":"DeleteReceived", "context":{"id":"972719cb-0b5b-407b-9610-c4a4a7696b0b", "isDeleted:":"true", "version":"1731405082079"}}
{"logTime": "1113/162603", "correlationVector":"XqQtMpnyuOfXvZihCqYB69.20","action":"GetUpdates", "result":"DeleteReceived", "context":{"id":"b0f4e4ac-7a23-45c5-8242-5f8e9de47e2f", "isDeleted:":"true", "version":"1731405119000"}}
{"logTime": "1113/162603", "correlationVector":"XqQtMpnyuOfXvZihCqYB69.21","action":"GetUpdates", "result":"DeleteReceived", "context":{"id":"9c9783bb-5aa6-48a1-a151-4876cbaed67f", "isDeleted:":"true", "version":"1731405119001"}}
{"logTime": "1113/162603", "correlationVector":"XqQtMpnyuOfXvZihCqYB69.22","action":"GetUpdates", "result":"DeleteReceived", "context":{"id":"131bc987-42af-48b6-99ab-5401e31a3fa1", "isDeleted:":"true", "version":"1731405119002"}}
{"logTime": "1113/162603", "correlationVector":"XqQtMpnyuOfXvZihCqYB69.23","action":"GetUpdates", "result":"DeleteReceived", "context":{"id":"2705c8d0-06d2-4328-885e-f441c5e5fb79", "isDeleted:":"true", "version":"1731405119006"}}
{"logTime": "1113/162603", "correlationVector":"XqQtMpnyuOfXvZihCqYB69.24","action":"GetUpdates", "result":"DeleteReceived", "context":{"id":"00081287-fb83-4da4-abb9-05aef131b17e", "isDeleted:":"true", "version":"1731405119007"}}
{"logTime": "1113/162603", "correlationVector":"XqQtMpnyuOfXvZihCqYB69.25","action":"GetUpdates", "result":"DeleteReceived", "context":{"id":"595b165f-fbd3-4e03-bcb6-0e94063aa9aa", "isDeleted:":"true", "version":"1731405119008"}}
{"logTime": "1113/162603", "correlationVector":"XqQtMpnyuOfXvZihCqYB69.26","action":"GetUpdates", "result":"DeleteReceived", "context":{"id":"584224d9-1723-40a5-9d66-e72b03f79adf", "isDeleted:":"true", "version":"1731405119010"}}
{"logTime": "1113/162603", "correlationVector":"XqQtMpnyuOfXvZihCqYB69.27","action":"GetUpdates", "result":"DeleteReceived", "context":{"id":"99e85676-0afc-474c-a9e1-884b7664d7af", "isDeleted:":"true", "version":"1731405119011"}}
{"logTime": "1113/162603", "correlationVector":"XqQtMpnyuOfXvZihCqYB69.28","action":"GetUpdates", "result":"DeleteReceived", "context":{"id":"4457cd90-f422-4ffe-a78d-e034e2324b6e", "isDeleted:":"true", "version":"1731405200126"}}
{"logTime": "1113/162603", "correlationVector":"XqQtMpnyuOfXvZihCqYB69.29","action":"GetUpdates", "result":"DeleteReceived", "context":{"id":"d83fb32e-fb9c-40b7-8583-962e72e6ca1c", "isDeleted:":"true", "version":"1731405200127"}}
{"logTime": "1113/162603", "correlationVector":"XqQtMpnyuOfXvZihCqYB69.30","action":"GetUpdates", "result":"DeleteReceived", "context":{"id":"5d9ede23-b127-43dc-a63c-ecf800b35b88", "isDeleted:":"true", "version":"1731405530751"}}
{"logTime": "1113/162603", "correlationVector":"XqQtMpnyuOfXvZihCqYB69.31","action":"GetUpdates", "result":"DeleteReceived", "context":{"id":"1de1c886-26f8-4077-9a44-a04401420a72", "isDeleted:":"true", "version":"1731405530754"}}
{"logTime": "1113/162603", "correlationVector":"XqQtMpnyuOfXvZihCqYB69.32","action":"GetUpdates", "result":"DeleteReceived", "context":{"id":"3234a802-194b-467a-a5b9-ef801c498aa1", "isDeleted:":"true", "version":"1731405565331"}}
{"logTime": "1113/162603", "correlationVector":"XqQtMpnyuOfXvZihCqYB69.33","action":"GetUpdates", "result":"DeleteReceived", "context":{"id":"6446f4dd-072c-4c73-b24e-4d31bf284407", "isDeleted:":"true", "version":"1731405883130"}}
{"logTime": "1113/162603", "correlationVector":"XqQtMpnyuOfXvZihCqYB69.34","action":"GetUpdates", "result":"DeleteReceived", "context":{"id":"eaa2bf99-54ab-4350-b18e-b213e9fdc141", "isDeleted:":"true", "version":"1731406118893"}}
{"logTime": "1113/162603", "correlationVector":"XqQtMpnyuOfXvZihCqYB69.35","action":"GetUpdates", "result":"DeleteReceived", "context":{"id":"c77778ee-ffb3-44cc-aed8-03410eebfd43", "isDeleted:":"true", "version":"1731406304722"}}
{"logTime": "1113/162603", "correlationVector":"XqQtMpnyuOfXvZihCqYB69.36","action":"GetUpdates", "result":"DeleteReceived", "context":{"id":"19001d02-c2d8-4508-82a6-0df3e4324cfe", "isDeleted:":"true", "version":"1731406475983"}}
{"logTime": "1113/162603", "correlationVector":"XqQtMpnyuOfXvZihCqYB69.37","action":"GetUpdates", "result":"DeleteReceived", "context":{"id":"3c642d28-7a3a-4907-ac4d-d3112b1d02f6", "isDeleted:":"true", "version":"1731422223712"}}
{"logTime": "1113/162603", "correlationVector":"XqQtMpnyuOfXvZihCqYB69.38","action":"GetUpdates", "result":"DeleteReceived", "context":{"id":"775841e5-9c15-48d3-a45f-0e5f6e7178b4", "isDeleted:":"true", "version":"1731422223713"}}
{"logTime": "1113/162603", "correlationVector":"XqQtMpnyuOfXvZihCqYB69.39","action":"GetUpdates", "result":"DeleteReceived", "context":{"id":"cad48c96-f839-45fc-863d-7cf62dbe6f1e", "isDeleted:":"true", "version":"1731422223714"}}
{"logTime": "1113/162603", "correlationVector":"XqQtMpnyuOfXvZihCqYB69.40","action":"GetUpdates", "result":"DeleteReceived", "context":{"id":"702330b7-2471-47fe-a8fe-1823376faa2d", "isDeleted:":"true", "version":"1731422223715"}}
{"logTime": "1113/162603", "correlationVector":"XqQtMpnyuOfXvZihCqYB69.41","action":"GetUpdates", "result":"DeleteReceived", "context":{"id":"29e8b72c-4884-4402-bde4-4377468b2c5d", "isDeleted:":"true", "version":"1731422223716"}}
{"logTime": "1113/162603", "correlationVector":"XqQtMpnyuOfXvZihCqYB69.42","action":"GetUpdates", "result":"DeleteReceived", "context":{"id":"38723794-3d9d-48aa-b24e-70aeccc04b0b", "isDeleted:":"true", "version":"1731422223717"}}
{"logTime": "1113/162603", "correlationVector":"XqQtMpnyuOfXvZihCqYB69.43","action":"GetUpdates", "result":"DeleteReceived", "context":{"id":"ac6cc94f-e548-4ae4-8eb8-c3bb792f88b3", "isDeleted:":"true", "version":"1731422223718"}}
{"logTime": "1113/162603", "correlationVector":"XqQtMpnyuOfXvZihCqYB69.44","action":"GetUpdates", "result":"DeleteReceived", "context":{"id":"5b61842b-bae4-4629-b781-c5709828d8c6", "isDeleted:":"true", "version":"1731422223719"}}
{"logTime": "1113/162603", "correlationVector":"XqQtMpnyuOfXvZihCqYB69.45","action":"GetUpdates", "result":"DeleteReceived", "context":{"id":"e73541be-4a31-4400-9b32-ad0f077a8b85", "isDeleted:":"true", "version":"1731422223720"}}
{"logTime": "1113/162603", "correlationVector":"XqQtMpnyuOfXvZihCqYB69.46","action":"GetUpdates", "result":"DeleteReceived", "context":{"id":"f5e76c96-2e5b-46cf-94aa-53ff0355609f", "isDeleted:":"true", "version":"1731422223721"}}
{"logTime": "1113/162603", "correlationVector":"XqQtMpnyuOfXvZihCqYB69.47","action":"GetUpdates", "result":"DeleteReceived", "context":{"id":"3fa7899f-4068-4ae5-b02f-68b89c5b2af9", "isDeleted:":"true", "version":"1731422223722"}}
{"logTime": "1113/162603", "correlationVector":"XqQtMpnyuOfXvZihCqYB69.48","action":"GetUpdates", "result":"DeleteReceived", "context":{"id":"6a32c731-708b-45b8-84cc-219bff084a85", "isDeleted:":"true", "version":"1731422223723"}}
{"logTime": "1113/162603", "correlationVector":"XqQtMpnyuOfXvZihCqYB69.49","action":"GetUpdates", "result":"DeleteReceived", "context":{"id":"a5e7d0b6-cfa4-4a61-9493-5068b7e2ba7e", "isDeleted:":"true", "version":"1731422223724"}}
{"logTime": "1113/162603", "correlationVector":"XqQtMpnyuOfXvZihCqYB69.50","action":"GetUpdates", "result":"DeleteReceived", "context":{"id":"7e36f00d-5290-4a1b-bf57-16760e5b34e0", "isDeleted:":"true", "version":"1731422223725"}}
{"logTime": "1113/162603", "correlationVector":"XqQtMpnyuOfXvZihCqYB69.51","action":"GetUpdates", "result":"DeleteReceived", "context":{"id":"7d95fad7-cf9e-4403-ba32-269fe1012f32", "isDeleted:":"true", "version":"1731422223726"}}
{"logTime": "1113/162603", "correlationVector":"XqQtMpnyuOfXvZihCqYB69.52","action":"GetUpdates", "result":"DeleteReceived", "context":{"id":"4c1275f4-d998-4512-a10d-35ba93132cbe", "isDeleted:":"true", "version":"1731422223727"}}
{"logTime": "1113/162603", "correlationVector":"XqQtMpnyuOfXvZihCqYB69.53","action":"GetUpdates", "result":"DeleteReceived", "context":{"id":"7ccb48f8-1b01-447f-bf23-d7123e32601b", "isDeleted:":"true", "version":"1731422223728"}}
{"logTime": "1113/162603", "correlationVector":"XqQtMpnyuOfXvZihCqYB69.54","action":"GetUpdates", "result":"DeleteReceived", "context":{"id":"c0743808-7643-4529-bbc7-659e125aa5ac", "isDeleted:":"true", "version":"1731422223729"}}
{"logTime": "1113/162603", "correlationVector":"XqQtMpnyuOfXvZihCqYB69.55","action":"GetUpdates", "result":"DeleteReceived", "context":{"id":"7a014755-1985-4b6d-ab6b-636dd1f86cb9", "isDeleted:":"true", "version":"1731422223731"}}
{"logTime": "1113/162603", "correlationVector":"XqQtMpnyuOfXvZihCqYB69.56","action":"GetUpdates", "result":"DeleteReceived", "context":{"id":"8c707345-7737-461e-b152-011198c82424", "isDeleted:":"true", "version":"1731422223732"}}
{"logTime": "1113/162603", "correlationVector":"XqQtMpnyuOfXvZihCqYB69.57","action":"GetUpdates", "result":"DeleteReceived", "context":{"id":"4afa503f-0c4a-4ce5-b39f-dce6942d6eef", "isDeleted:":"true", "version":"1731459696636"}}
{"logTime": "1113/162603", "correlationVector":"XqQtMpnyuOfXvZihCqYB69.58","action":"GetUpdates", "result":"DeleteReceived", "context":{"id":"120cc8ec-af1c-418f-b613-0f5b88033fb9", "isDeleted:":"true", "version":"1731459696637"}}
{"logTime": "1113/162603", "correlationVector":"XqQtMpnyuOfXvZihCqYB69.59","action":"GetUpdates", "result":"DeleteReceived", "context":{"id":"91108a4e-9c3f-4c2d-b71b-d8cccfc28b63", "isDeleted:":"true", "version":"1731461168490"}}
{"logTime": "1113/162603", "correlationVector":"XqQtMpnyuOfXvZihCqYB69.60","action":"GetUpdates", "result":"DeleteReceived", "context":{"id":"c90bb272-f097-4022-8521-0c34fa218e0e", "isDeleted:":"true", "version":"1731461202891"}}
{"logTime": "1113/162603", "correlationVector":"XqQtMpnyuOfXvZihCqYB69.61","action":"GetUpdates", "result":"DeleteReceived", "context":{"id":"6be344ad-6ff8-4911-bd73-fc9d8041fb3f", "isDeleted:":"true", "version":"1731461202893"}}
{"logTime": "1113/162603", "correlationVector":"XqQtMpnyuOfXvZihCqYB69.62","action":"GetUpdates", "result":"DeleteReceived", "context":{"id":"5e7e45e8-6a17-48dc-a8e0-baf01e44c96d", "isDeleted:":"true", "version":"1731461202894"}}
{"logTime": "1113/162603", "correlationVector":"XqQtMpnyuOfXvZihCqYB69.63","action":"GetUpdates", "result":"DeleteReceived", "context":{"id":"32e7a203-70e9-42d0-9b60-d2e2767a0f04", "isDeleted:":"true", "version":"1731463872192"}}
{"logTime": "1113/162603", "correlationVector":"XqQtMpnyuOfXvZihCqYB69.64","action":"GetUpdates", "result":"DeleteReceived", "context":{"id":"eef616a8-13e2-42bc-a90c-64ce40841c79", "isDeleted:":"true", "version":"1731464742489"}}
{"logTime": "1113/162603", "correlationVector":"XqQtMpnyuOfXvZihCqYB69.65","action":"GetUpdates", "result":"DeleteReceived", "context":{"id":"707cb86f-d169-4258-b06b-6e97aa9a0f76", "isDeleted:":"true", "version":"1731468721522"}}
{"logTime": "1113/162603", "correlationVector":"XqQtMpnyuOfXvZihCqYB69.66","action":"GetUpdates", "result":"DeleteReceived", "context":{"id":"283c7ab7-1602-4d74-b7f6-d7c92e9f71d7", "isDeleted:":"true", "version":"1731468822855"}}
{"logTime": "1113/162603", "correlationVector":"XqQtMpnyuOfXvZihCqYB69.67","action":"GetUpdates", "result":"DeleteReceived", "context":{"id":"379a0f1b-0ffe-4366-a8f5-cf78c24007a3", "isDeleted:":"true", "version":"1731476207185"}}
{"logTime": "1113/162603", "correlationVector":"XqQtMpnyuOfXvZihCqYB69.68","action":"GetUpdates", "result":"DeleteReceived", "context":{"id":"4172cf2d-e30c-4c96-9f7a-84efb8f6bcb7", "isDeleted:":"true", "version":"1731489519986"}}
{"logTime": "1113/162603", "correlationVector":"XqQtMpnyuOfXvZihCqYB69.69","action":"GetUpdates", "result":"DeleteReceived", "context":{"id":"ef722ffd-860c-4d88-afcd-33833d092532", "isDeleted:":"true", "version":"1731489645164"}}
{"logTime": "1113/162603", "correlationVector":"XqQtMpnyuOfXvZihCqYB69.70","action":"GetUpdates", "result":"DeleteReceived", "context":{"id":"599c80e7-c659-4bf8-aaef-6f11925447fc", "isDeleted:":"true", "version":"1731511879094"}}
{"logTime": "1113/162603", "correlationVector":"XqQtMpnyuOfXvZihCqYB69.71","action":"GetUpdates", "result":"DeleteReceived", "context":{"id":"4430c657-f402-4a4e-8f58-5586af4938c6", "isDeleted:":"true", "version":"1731511879095"}}
{"logTime": "1113/162603", "correlationVector":"XqQtMpnyuOfXvZihCqYB69.72","action":"GetUpdates", "result":"DeleteReceived", "context":{"id":"00e59785-4c9d-4ea7-85d3-6171e54e6029", "isDeleted:":"true", "version":"1731511879096"}}
{"logTime": "1113/162603", "correlationVector":"XqQtMpnyuOfXvZihCqYB69.73","action":"GetUpdates", "result":"DeleteReceived", "context":{"id":"a3168952-07da-457a-8fd0-6417f0eaf7d3", "isDeleted:":"true", "version":"1731511879097"}}
{"logTime": "1113/162603", "correlationVector":"XqQtMpnyuOfXvZihCqYB69.74","action":"GetUpdates", "result":"DeleteReceived", "context":{"id":"c4590c74-5718-4abf-b464-979ea03f0163", "isDeleted:":"true", "version":"1731511879099"}}
{"logTime": "1113/162603", "correlationVector":"XqQtMpnyuOfXvZihCqYB69.75","action":"GetUpdates", "result":"DeleteReceived", "context":{"id":"7aacee60-5be0-4da9-861a-e9f1de1adf98", "isDeleted:":"true", "version":"1731511879100"}}
{"logTime": "1113/162603", "correlationVector":"XqQtMpnyuOfXvZihCqYB69.76","action":"GetUpdates", "result":"DeleteReceived", "context":{"id":"f442d91a-b59b-4072-b483-30f264f42ca9", "isDeleted:":"true", "version":"1731511879101"}}
{"logTime": "1113/162603", "correlationVector":"XqQtMpnyuOfXvZihCqYB69.77","action":"GetUpdates", "result":"DeleteReceived", "context":{"id":"51bc636b-4a4d-4d28-8ec6-6af7fd51a21a", "isDeleted:":"true", "version":"1731511879102"}}
{"logTime": "1113/162603", "correlationVector":"XqQtMpnyuOfXvZihCqYB69.78","action":"GetUpdates", "result":"DeleteReceived", "context":{"id":"2287976f-0ca4-430e-a05a-ae2c502b9433", "isDeleted:":"true", "version":"1731511879103"}}
{"logTime": "1113/162603", "correlationVector":"XqQtMpnyuOfXvZihCqYB69.79","action":"GetUpdates", "result":"DeleteReceived", "context":{"id":"0880b14d-c48e-488a-a36d-0900ff19f491", "isDeleted:":"true", "version":"1731511879104"}}
{"logTime": "1113/162603", "correlationVector":"XqQtMpnyuOfXvZihCqYB69.80","action":"GetUpdates", "result":"DeleteReceived", "context":{"id":"78c50a68-ee70-4053-b861-6a54f113670a", "isDeleted:":"true", "version":"1731511879105"}}
{"logTime": "1113/162603", "correlationVector":"XqQtMpnyuOfXvZihCqYB69.81","action":"GetUpdates", "result":"DeleteReceived", "context":{"id":"750fd6c1-0be5-4358-a67b-59500fc102e4", "isDeleted:":"true", "version":"1731511879106"}}
{"logTime": "1113/162603", "correlationVector":"XqQtMpnyuOfXvZihCqYB69.82","action":"GetUpdates", "result":"DeleteReceived", "context":{"id":"9682bdcc-04e8-4676-97a6-5e1ad298688f", "isDeleted:":"true", "version":"1731511879108"}}
{"logTime": "1113/162603", "correlationVector":"XqQtMpnyuOfXvZihCqYB69.83","action":"GetUpdates", "result":"DeleteReceived", "context":{"id":"f804a315-098b-4cf6-ac8d-2605e28c0eb7", "isDeleted:":"true", "version":"1731511879110"}}
{"logTime": "1113/162603", "correlationVector":"XqQtMpnyuOfXvZihCqYB69.84","action":"GetUpdates", "result":"DeleteReceived", "context":{"id":"50105f49-7bce-4536-9a33-80d0609cd685", "isDeleted:":"true", "version":"1731511879111"}}
{"logTime": "1113/162603", "correlationVector":"XqQtMpnyuOfXvZihCqYB69.85","action":"GetUpdates", "result":"DeleteReceived", "context":{"id":"011d9228-f7ca-488a-a15b-851ac51e211b", "isDeleted:":"true", "version":"1731513352166"}}
{"logTime": "1113/162603", "correlationVector":"XqQtMpnyuOfXvZihCqYB69.86","action":"GetUpdates Response", "result":"Success", "context":Received 123 update(s). cV=XqQtMpnyuOfXvZihCqYB69.0;server=GENERAL0300002W;cloudType=Consumer;environment=Prod_SoutheastAsia_000j;migrationStage=NotStarted}
{"logTime": "1113/162603", "correlationVector":"sNZg3csolyz6Bf3G9y/T8j","action":"DoCompareDataConsistency requsted types: ", "result":"Bookmarks, Preferences, Passwords, Typed URLs, Extensions, Extension settings, History Delete Directives, Send Tab To Self, Web Apps, Collection, Edge E Drop, Edge Tab Group, Edge Wallet, Encryption Keys"}
{"logTime": "1113/162603", "correlationVector":"sNZg3csolyz6Bf3G9y/T8j.0","action":"CompareDataConsistency result: ", "result":"Compare result: Encryption Keys is consistent. local entities count is: 1 local entities hash is: daMXP8H4Q+ck8e5ujlv9NkxJP3E="}
{"logTime": "1113/162603", "correlationVector":"sNZg3csolyz6Bf3G9y/T8j.1","action":"CompareDataConsistency result: ", "result":"Compare result: Bookmarks is consistent. local entities count is: 38 local entities hash is: ec56gGVUfNBH+bX1HACyn3XYgtA="}
{"logTime": "1113/162603", "correlationVector":"sNZg3csolyz6Bf3G9y/T8j.2","action":"CompareDataConsistency result: ", "result":"Compare result: Preferences is consistent. local entities count is: 84 local entities hash is: vBbgvcpzuPlPzw6P83T1sk2X07w="}
{"logTime": "1113/162603", "correlationVector":"sNZg3csolyz6Bf3G9y/T8j.3","action":"CompareDataConsistency result: ", "result":"Server did not send this Typed URLs local entities count is: 174 local entities hash is: SOgMZpIb83zQmtfQgJvC7CdLkIE="}
{"logTime": "1113/162603", "correlationVector":"sNZg3csolyz6Bf3G9y/T8j.4","action":"CompareDataConsistency result: ", "result":"Compare result: Extensions is consistent. local entities count is: 13 local entities hash is: +7ux3yXZp0ETauMkRkujTcezMFM="}
{"logTime": "1113/162603", "correlationVector":"sNZg3csolyz6Bf3G9y/T8j.5","action":"CompareDataConsistency result: ", "result":"Compare result: Extension settings is consistent. local entities count is: 18 local entities hash is: bJ9f4YNgfI9uk04aro6+MXpGYbo="}
{"logTime": "1113/162603", "correlationVector":"sNZg3csolyz6Bf3G9y/T8j.6","action":"CompareDataConsistency result: ", "result":"Compare result: History Delete Directives is inconsistent. server entities count is: 2 server entities hash is: aYf3qMOpzBGTYD6d1Dx47EgLkbM= local entities count is: 0 local entities hash is: "}
{"logTime": "1113/162603", "correlationVector":"sNZg3csolyz6Bf3G9y/T8j.7","action":"CompareDataConsistency result: ", "result":"Server did not send this Send Tab To Self local entities count is: 0 local entities hash is: "}
{"logTime": "1113/162603", "correlationVector":"sNZg3csolyz6Bf3G9y/T8j.8","action":"CompareDataConsistency result: ", "result":"Compare result: Web Apps is consistent. local entities count is: 0 local entities hash is: "}
{"logTime": "1113/162603", "correlationVector":"sNZg3csolyz6Bf3G9y/T8j.9","action":"CompareDataConsistency result: ", "result":"Compare result: Collection is consistent. local entities count is: 0 local entities hash is: "}
{"logTime": "1113/162603", "correlationVector":"sNZg3csolyz6Bf3G9y/T8j.10","action":"CompareDataConsistency result: ", "result":"Compare result: Edge E Drop is consistent. local entities count is: 0 local entities hash is: "}
{"logTime": "1113/162603", "correlationVector":"sNZg3csolyz6Bf3G9y/T8j.11","action":"CompareDataConsistency result: ", "result":"Compare result: Edge Tab Group is consistent. local entities count is: 4 local entities hash is: WD7uzyjB0mWdQAAxdYlaQ/JEtpQ="}
{"logTime": "1113/162603", "correlationVector":"sNZg3csolyz6Bf3G9y/T8j.12","action":"CompareDataConsistency result: ", "result":"Compare result: Edge Wallet is consistent. local entities count is: 0 local entities hash is: "}
{"logTime": "1113/162603", "correlationVector":"sNZg3csolyz6Bf3G9y/T8j.13","action":"CompareDataConsistency result: ", "result":"Compare result: Passwords is consistent. local entities count is: 189 local entities hash is: rP0ymBC17uYDQbq0cbI7Q2XgzJQ="}
{"logTime": "1113/162603", "correlationVector":"8Mu6aBZ1v7ujg/47hP8d/g","action":"Commit Request", "result":"", "context":Item count: 4
Contributing types: Sessions, Device Info}
{"logTime": "1113/162604", "correlationVector":"8Mu6aBZ1v7ujg/47hP8d/g.1","action":"SyncServerConnectionManagerRequest", "result":"SYNC_SERVER_OK", "context":{"environment":"Prod_SoutheastAsia_000j", "migrationStage":"NotStarted", "server":"GENERAL0300001L"}}
{"logTime": "1113/162604", "correlationVector":"8Mu6aBZ1v7ujg/47hP8d/g.3","action":"Commit.Sessions", "result":"Success", "context":{"id":"121ccf04-976f-4f24-8821-443983daff85", "isDeleted":"true", "size":"0", "version":"1730437480249"}}
{"logTime": "1113/162604", "correlationVector":"8Mu6aBZ1v7ujg/47hP8d/g.2","action":"Commit Response", "result":"Success", "context":Result: Success. cV=8Mu6aBZ1v7ujg/47hP8d/g.0;server=GENERAL0300001L;cloudType=Consumer;environment=Prod_SoutheastAsia_000j;migrationStage=NotStarted}
{"logTime": "1113/162604", "correlationVector":"","action":"DIAGNOSTIC_REQUEST|v1/diagnosticData/Diagnostic.SendCheckResult()|SUCCESS", "result":""}
{"logTime": "1113/162604", "correlationVector":"8ulpSDP4G2ANgvzz/u4muO","action":"Normal GetUpdate request", "result":"", "context":cV=8ulpSDP4G2ANgvzz/u4muO
Nudged types: Sessions, Device Info}
{"logTime": "1113/162604", "correlationVector":"8ulpSDP4G2ANgvzz/u4muO.1","action":"SyncServerConnectionManagerRequest", "result":"SYNC_SERVER_OK", "context":{"environment":"Prod_SoutheastAsia_000j", "migrationStage":"NotStarted", "server":"GENERAL0100000N"}}
{"logTime": "1113/162604", "correlationVector":"8ulpSDP4G2ANgvzz/u4muO.2","action":"GetUpdates", "result":"DeleteReceived", "context":{"id":"121ccf04-976f-4f24-8821-443983daff85", "isDeleted:":"true", "version":"1731515165122"}}
{"logTime": "1113/162604", "correlationVector":"8ulpSDP4G2ANgvzz/u4muO.3","action":"GetUpdates Response", "result":"Success", "context":Received 4 update(s). cV=8ulpSDP4G2ANgvzz/u4muO.0;server=GENERAL0100000N;cloudType=Consumer;environment=Prod_SoutheastAsia_000j;migrationStage=NotStarted}
{"logTime": "1113/162604", "correlationVector":"4P3d51lmBhYtoIVB+IvETC","action":"Poll GetUpdate request", "result":"", "context":cV=4P3d51lmBhYtoIVB+IvETC}
{"logTime": "1113/162605", "correlationVector":"4P3d51lmBhYtoIVB+IvETC.1","action":"SyncServerConnectionManagerRequest", "result":"SYNC_SERVER_OK", "context":{"environment":"Prod_SoutheastAsia_000j", "migrationStage":"NotStarted", "server":"GENERAL0300002X"}}
{"logTime": "1113/162605", "correlationVector":"4P3d51lmBhYtoIVB+IvETC.2","action":"GetUpdates Response", "result":"Success", "context":Received 0 update(s). cV=4P3d51lmBhYtoIVB+IvETC.0;server=GENERAL0300002X;cloudType=Consumer;environment=Prod_SoutheastAsia_000j;migrationStage=NotStarted}
{"logTime": "1113/162611", "correlationVector":"vX7/0bmxvIZU797uPaBVxf","action":"Commit Request", "result":"", "context":Item count: 40
Contributing types: Passwords}
{"logTime": "1113/162614", "correlationVector":"vX7/0bmxvIZU797uPaBVxf.1","action":"SyncServerConnectionManagerRequest", "result":"SYNC_SERVER_OK", "context":{"environment":"Prod_SoutheastAsia_000j", "migrationStage":"NotStarted", "server":"GENERAL0100000Y"}}
{"logTime": "1113/162614", "correlationVector":"vX7/0bmxvIZU797uPaBVxf.2","action":"Commit Response", "result":"Success", "context":Result: Success. cV=vX7/0bmxvIZU797uPaBVxf.0;server=GENERAL0100000Y;cloudType=Consumer;environment=Prod_SoutheastAsia_000j;migrationStage=NotStarted}
{"logTime": "1113/162614", "correlationVector":"HD1bWt6gV90FUmoLrhXKnl","action":"Commit Request", "result":"", "context":Item count: 8
Contributing types: Preferences, Passwords}
{"logTime": "1113/162615", "correlationVector":"HD1bWt6gV90FUmoLrhXKnl.1","action":"SyncServerConnectionManagerRequest", "result":"SYNC_SERVER_OK", "context":{"environment":"Prod_SoutheastAsia_000j", "migrationStage":"NotStarted", "server":"GENERAL0100000Z"}}
{"logTime": "1113/162615", "correlationVector":"HD1bWt6gV90FUmoLrhXKnl.2","action":"Commit Response", "result":"Success", "context":Result: Success. cV=HD1bWt6gV90FUmoLrhXKnl.0;server=GENERAL0100000Z;cloudType=Consumer;environment=Prod_SoutheastAsia_000j;migrationStage=NotStarted}
{"logTime": "1113/162640", "correlationVector":"HBdgyPwp0VNNK2+LOrjT65","action":"Commit Request", "result":"", "context":Item count: 2
Contributing types: Sessions, Edge Hub App Usage}
{"logTime": "1113/162641", "correlationVector":"HBdgyPwp0VNNK2+LOrjT65.1","action":"SyncServerConnectionManagerRequest", "result":"SYNC_SERVER_OK", "context":{"environment":"Prod_SoutheastAsia_000j", "migrationStage":"NotStarted", "server":"GENERAL0300002W"}}
{"logTime": "1113/162641", "correlationVector":"HBdgyPwp0VNNK2+LOrjT65.2","action":"Commit Response", "result":"Success", "context":Result: Success. cV=HBdgyPwp0VNNK2+LOrjT65.0;server=GENERAL0300002W;cloudType=Consumer;environment=Prod_SoutheastAsia_000j;migrationStage=NotStarted}
{"logTime": "1113/162852", "correlationVector":"+PtHnTPR31GtyISuUcnd2X","action":"Commit Request", "result":"", "context":Item count: 1
Contributing types: Sessions}
{"logTime": "1113/162853", "correlationVector":"+PtHnTPR31GtyISuUcnd2X.1","action":"SyncServerConnectionManagerRequest", "result":"SYNC_SERVER_OK", "context":{"environment":"Prod_SoutheastAsia_000j", "migrationStage":"NotStarted", "server":"GENERAL0100000K"}}
{"logTime": "1113/162853", "correlationVector":"+PtHnTPR31GtyISuUcnd2X.2","action":"Commit Response", "result":"Success", "context":Result: Success. cV=+PtHnTPR31GtyISuUcnd2X.0;server=GENERAL0100000K;cloudType=Consumer;environment=Prod_SoutheastAsia_000j;migrationStage=NotStarted}
{"logTime": "1113/163052", "correlationVector":"y5hZyracJKScp3RRkeiTk5","action":"Normal GetUpdate request", "result":"", "context":cV=y5hZyracJKScp3RRkeiTk5
Refresh requested types: Bookmarks, Preferences, Passwords, Autofill Profiles, Autofill, Typed URLs, Extensions, Sessions, Extension settings, History Delete Directives, Device Info, User Consents, Send Tab To Self, Web Apps, Collection, Edge E Drop, Edge Hub App Usage, Edge Tab Group, Edge Wallet, Encryption Keys}
{"logTime": "1113/163052", "correlationVector":"y5hZyracJKScp3RRkeiTk5.1","action":"SyncServerConnectionManagerRequest", "result":"SYNC_SERVER_OK", "context":{"environment":"Prod_SoutheastAsia_000j", "migrationStage":"NotStarted", "server":"GENERAL01000004"}}
{"logTime": "1113/163052", "correlationVector":"y5hZyracJKScp3RRkeiTk5.2","action":"GetUpdates Response", "result":"Success", "context":Received 50 update(s). cV=y5hZyracJKScp3RRkeiTk5.0;server=GENERAL01000004;cloudType=Consumer;environment=Prod_SoutheastAsia_000j;migrationStage=NotStarted}
{"logTime": "1113/163246", "correlationVector":"aexCXsieFIWOOtYz5J9xsa","action":"Normal GetUpdate request", "result":"", "context":cV=aexCXsieFIWOOtYz5J9xsa
Notified types: Device Info}
{"logTime": "1113/163247", "correlationVector":"aexCXsieFIWOOtYz5J9xsa.1","action":"SyncServerConnectionManagerRequest", "result":"SYNC_SERVER_OK", "context":{"environment":"Prod_SoutheastAsia_000j", "migrationStage":"NotStarted", "server":"GENERAL01000018"}}
{"logTime": "1113/163247", "correlationVector":"aexCXsieFIWOOtYz5J9xsa.2","action":"GetUpdates", "result":"DeleteReceived", "context":{"id":"a80242d7-828f-41e5-b373-252816745078", "isDeleted:":"true", "version":"1731515567118"}}
{"logTime": "1113/163247", "correlationVector":"aexCXsieFIWOOtYz5J9xsa.3","action":"GetUpdates Response", "result":"Success", "context":Received 4 update(s). cV=aexCXsieFIWOOtYz5J9xsa.0;server=GENERAL01000018;cloudType=Consumer;environment=Prod_SoutheastAsia_000j;migrationStage=NotStarted}
{"logTime": "1113/163247", "correlationVector":"pvu80pMQg4Rbus33lIy/Iq","action":"Normal GetUpdate request", "result":"", "context":cV=pvu80pMQg4Rbus33lIy/Iq
Notified types: Device Info}
{"logTime": "1113/163248", "correlationVector":"pvu80pMQg4Rbus33lIy/Iq.1","action":"SyncServerConnectionManagerRequest", "result":"SYNC_SERVER_OK", "context":{"environment":"Prod_SoutheastAsia_000j", "migrationStage":"NotStarted", "server":"GENERAL0100000T"}}
{"logTime": "1113/163248", "correlationVector":"pvu80pMQg4Rbus33lIy/Iq.2","action":"GetUpdates", "result":"DeleteReceived", "context":{"id":"a6d921b2-5b85-4c50-8521-aad10c15256b", "isDeleted:":"true", "version":"1731515568330"}}
{"logTime": "1113/163248", "correlationVector":"pvu80pMQg4Rbus33lIy/Iq.3","action":"GetUpdates Response", "result":"Success", "context":Received 4 update(s). cV=pvu80pMQg4Rbus33lIy/Iq.0;server=GENERAL0100000T;cloudType=Consumer;environment=Prod_SoutheastAsia_000j;migrationStage=NotStarted}
{"logTime": "1113/163552", "correlationVector":"H+NjgB5y/VtoktIDShRfzo","action":"Normal GetUpdate request", "result":"", "context":cV=H+NjgB5y/VtoktIDShRfzo
Refresh requested types: Bookmarks, Preferences, Passwords, Autofill Profiles, Autofill, Typed URLs, Extensions, Sessions, Extension settings, History Delete Directives, Device Info, User Consents, Send Tab To Self, Web Apps, Collection, Edge E Drop, Edge Hub App Usage, Edge Tab Group, Edge Wallet, Encryption Keys}
{"logTime": "1113/163553", "correlationVector":"H+NjgB5y/VtoktIDShRfzo.1","action":"SyncServerConnectionManagerRequest", "result":"SYNC_SERVER_OK", "context":{"environment":"Prod_SoutheastAsia_000j", "migrationStage":"NotStarted", "server":"GENERAL0100001G"}}
{"logTime": "1113/163553", "correlationVector":"H+NjgB5y/VtoktIDShRfzo.2","action":"GetUpdates", "result":"DeleteReceived", "context":{"id":"8db2f6a2-d992-483b-9288-3bfe7028c74c", "isDeleted:":"true", "version":"1731515607626"}}
{"logTime": "1113/163553", "correlationVector":"H+NjgB5y/VtoktIDShRfzo.3","action":"GetUpdates Response", "result":"Success", "context":Received 4 update(s). cV=H+NjgB5y/VtoktIDShRfzo.0;server=GENERAL0100001G;cloudType=Consumer;environment=Prod_SoutheastAsia_000j;migrationStage=NotStarted}
{"logTime": "1113/164610", "correlationVector":"URLaukNAWgphRNm7gFPhhB","action":"Commit Request", "result":"", "context":Item count: 1
Contributing types: Sessions}
{"logTime": "1113/164611", "correlationVector":"URLaukNAWgphRNm7gFPhhB.1","action":"SyncServerConnectionManagerRequest", "result":"SYNC_SERVER_OK", "context":{"environment":"Prod_SoutheastAsia_000j", "migrationStage":"NotStarted", "server":"GENERAL0300001K"}}
{"logTime": "1113/164611", "correlationVector":"URLaukNAWgphRNm7gFPhhB.2","action":"Commit Response", "result":"Success", "context":Result: Success. cV=URLaukNAWgphRNm7gFPhhB.0;server=GENERAL0300001K;cloudType=Consumer;environment=Prod_SoutheastAsia_000j;migrationStage=NotStarted}
{"logTime": "1113/165317", "correlationVector":"V+FcKyjuMMPQlHqbZwuxG8","action":"Commit Request", "result":"", "context":Item count: 1
Contributing types: Sessions}
{"logTime": "1113/165318", "correlationVector":"V+FcKyjuMMPQlHqbZwuxG8.1","action":"SyncServerConnectionManagerRequest", "result":"SYNC_SERVER_OK", "context":{"environment":"Prod_SoutheastAsia_000j", "migrationStage":"NotStarted", "server":"GENERAL0100001L"}}
{"logTime": "1113/165318", "correlationVector":"V+FcKyjuMMPQlHqbZwuxG8.2","action":"Commit Response", "result":"Success", "context":Result: Success. cV=V+FcKyjuMMPQlHqbZwuxG8.0;server=GENERAL0100001L;cloudType=Consumer;environment=Prod_SoutheastAsia_000j;migrationStage=NotStarted}
{"logTime": "1113/170059", "correlationVector":"nVYYShhC8CsRjjG04EoQqY","action":"Commit Request", "result":"", "context":Item count: 1
Contributing types: Sessions}
{"logTime": "1113/170100", "correlationVector":"nVYYShhC8CsRjjG04EoQqY.1","action":"SyncServerConnectionManagerRequest", "result":"SYNC_SERVER_OK", "context":{"environment":"Prod_SoutheastAsia_000j", "migrationStage":"NotStarted", "server":"GENERAL0300002T"}}
{"logTime": "1113/170100", "correlationVector":"nVYYShhC8CsRjjG04EoQqY.2","action":"Commit Response", "result":"Success", "context":Result: Success. cV=nVYYShhC8CsRjjG04EoQqY.0;server=GENERAL0300002T;cloudType=Consumer;environment=Prod_SoutheastAsia_000j;migrationStage=NotStarted}
{"logTime": "1113/170527", "correlationVector":"TfCwF65e4M6lf6OR+51FJw","action":"Commit Request", "result":"", "context":Item count: 1
Contributing types: Sessions}
{"logTime": "1113/170527", "correlationVector":"TfCwF65e4M6lf6OR+51FJw.1","action":"SyncServerConnectionManagerRequest", "result":"SYNC_SERVER_OK", "context":{"environment":"Prod_SoutheastAsia_000j", "migrationStage":"NotStarted", "server":"GENERAL01000008"}}
{"logTime": "1113/170527", "correlationVector":"TfCwF65e4M6lf6OR+51FJw.2","action":"Commit Response", "result":"Success", "context":Result: Success. cV=TfCwF65e4M6lf6OR+51FJw.0;server=GENERAL01000008;cloudType=Consumer;environment=Prod_SoutheastAsia_000j;migrationStage=NotStarted}
{"logTime": "1113/170640", "correlationVector":"goxq45YqGf8+SFiWUtYdYx","action":"Commit Request", "result":"", "context":Item count: 1
Contributing types: Sessions}
{"logTime": "1113/170641", "correlationVector":"goxq45YqGf8+SFiWUtYdYx.1","action":"SyncServerConnectionManagerRequest", "result":"SYNC_SERVER_OK", "context":{"environment":"Prod_SoutheastAsia_000j", "migrationStage":"NotStarted", "server":"GENERAL0100000V"}}
{"logTime": "1113/170641", "correlationVector":"goxq45YqGf8+SFiWUtYdYx.2","action":"Commit Response", "result":"Success", "context":Result: Success. cV=goxq45YqGf8+SFiWUtYdYx.0;server=GENERAL0100000V;cloudType=Consumer;environment=Prod_SoutheastAsia_000j;migrationStage=NotStarted}
{"logTime": "1113/170729", "correlationVector":"DniKdxshLioesBSLG37cGR","action":"Commit Request", "result":"", "context":Item count: 1
Contributing types: Sessions}
{"logTime": "1113/170730", "correlationVector":"DniKdxshLioesBSLG37cGR.1","action":"SyncServerConnectionManagerRequest", "result":"SYNC_SERVER_OK", "context":{"environment":"Prod_SoutheastAsia_000j", "migrationStage":"NotStarted", "server":"GENERAL03000007"}}
{"logTime": "1113/170730", "correlationVector":"DniKdxshLioesBSLG37cGR.2","action":"Commit Response", "result":"Success", "context":Result: Success. cV=DniKdxshLioesBSLG37cGR.0;server=GENERAL03000007;cloudType=Consumer;environment=Prod_SoutheastAsia_000j;migrationStage=NotStarted}
{"logTime": "1113/171013", "correlationVector":"faXPPArcBMzTpmq6gp5IPE","action":"Commit Request", "result":"", "context":Item count: 1
Contributing types: Sessions}
{"logTime": "1113/171013", "correlationVector":"faXPPArcBMzTpmq6gp5IPE.1","action":"SyncServerConnectionManagerRequest", "result":"SYNC_SERVER_OK", "context":{"environment":"Prod_SoutheastAsia_000j", "migrationStage":"NotStarted", "server":"GENERAL0300002N"}}
{"logTime": "1113/171013", "correlationVector":"faXPPArcBMzTpmq6gp5IPE.2","action":"Commit Response", "result":"Success", "context":Result: Success. cV=faXPPArcBMzTpmq6gp5IPE.0;server=GENERAL0300002N;cloudType=Consumer;environment=Prod_SoutheastAsia_000j;migrationStage=NotStarted}
{"logTime": "1113/171048", "correlationVector":"+h5fyTqto1+qKCxH6WPpZC","action":"Commit Request", "result":"", "context":Item count: 1
Contributing types: Sessions}
{"logTime": "1113/171048", "correlationVector":"+h5fyTqto1+qKCxH6WPpZC.1","action":"SyncServerConnectionManagerRequest", "result":"SYNC_SERVER_OK", "context":{"environment":"Prod_SoutheastAsia_000j", "migrationStage":"NotStarted", "server":"GENERAL0300001C"}}
{"logTime": "1113/171048", "correlationVector":"+h5fyTqto1+qKCxH6WPpZC.2","action":"Commit Response", "result":"Success", "context":Result: Success. cV=+h5fyTqto1+qKCxH6WPpZC.0;server=GENERAL0300001C;cloudType=Consumer;environment=Prod_SoutheastAsia_000j;migrationStage=NotStarted}
{"logTime": "1113/171131", "correlationVector":"V3yswNsUGfzI9w6OMi+tW6","action":"Commit Request", "result":"", "context":Item count: 1
Contributing types: Sessions}
{"logTime": "1113/171132", "correlationVector":"V3yswNsUGfzI9w6OMi+tW6.1","action":"SyncServerConnectionManagerRequest", "result":"SYNC_SERVER_OK", "context":{"environment":"Prod_SoutheastAsia_000j", "migrationStage":"NotStarted", "server":"GENERAL0100000Y"}}
{"logTime": "1113/171132", "correlationVector":"V3yswNsUGfzI9w6OMi+tW6.2","action":"Commit Response", "result":"Success", "context":Result: Success. cV=V3yswNsUGfzI9w6OMi+tW6.0;server=GENERAL0100000Y;cloudType=Consumer;environment=Prod_SoutheastAsia_000j;migrationStage=NotStarted}
{"logTime": "1113/171204", "correlationVector":"uh8Saph1HzOPLNYSdKStJq","action":"Commit Request", "result":"", "context":Item count: 1
Contributing types: Sessions}
{"logTime": "1113/171204", "correlationVector":"uh8Saph1HzOPLNYSdKStJq.1","action":"SyncServerConnectionManagerRequest", "result":"SYNC_SERVER_OK", "context":{"environment":"Prod_SoutheastAsia_000j", "migrationStage":"NotStarted", "server":"GENERAL0300001Z"}}
{"logTime": "1113/171204", "correlationVector":"uh8Saph1HzOPLNYSdKStJq.2","action":"Commit Response", "result":"Success", "context":Result: Success. cV=uh8Saph1HzOPLNYSdKStJq.0;server=GENERAL0300001Z;cloudType=Consumer;environment=Prod_SoutheastAsia_000j;migrationStage=NotStarted}
{"logTime": "1113/171253", "correlationVector":"MHwtInoYfOWeLNBdDvhYpL","action":"Commit Request", "result":"", "context":Item count: 1
Contributing types: Sessions}
{"logTime": "1113/171253", "correlationVector":"MHwtInoYfOWeLNBdDvhYpL.1","action":"SyncServerConnectionManagerRequest", "result":"SYNC_SERVER_OK", "context":{"environment":"Prod_SoutheastAsia_000j", "migrationStage":"NotStarted", "server":"GENERAL0100001G"}}
{"logTime": "1113/171253", "correlationVector":"MHwtInoYfOWeLNBdDvhYpL.2","action":"Commit Response", "result":"Success", "context":Result: Success. cV=MHwtInoYfOWeLNBdDvhYpL.0;server=GENERAL0100001G;cloudType=Consumer;environment=Prod_SoutheastAsia_000j;migrationStage=NotStarted}
{"logTime": "1113/171347", "correlationVector":"2vcNvTJwuhtuv6VFhplwLv","action":"Commit Request", "result":"", "context":Item count: 1
Contributing types: Sessions}
{"logTime": "1113/171347", "correlationVector":"2vcNvTJwuhtuv6VFhplwLv.1","action":"SyncServerConnectionManagerRequest", "result":"SYNC_SERVER_OK", "context":{"environment":"Prod_SoutheastAsia_000j", "migrationStage":"NotStarted", "server":"GENERAL0100000N"}}
{"logTime": "1113/171347", "correlationVector":"2vcNvTJwuhtuv6VFhplwLv.2","action":"Commit Response", "result":"Success", "context":Result: Success. cV=2vcNvTJwuhtuv6VFhplwLv.0;server=GENERAL0100000N;cloudType=Consumer;environment=Prod_SoutheastAsia_000j;migrationStage=NotStarted}
{"logTime": "1113/171425", "correlationVector":"BWO6ExbeIMMl1iPQKFQ+Bu","action":"Commit Request", "result":"", "context":Item count: 1
Contributing types: Sessions}
{"logTime": "1113/171426", "correlationVector":"BWO6ExbeIMMl1iPQKFQ+Bu.1","action":"SyncServerConnectionManagerRequest", "result":"SYNC_SERVER_OK", "context":{"environment":"Prod_SoutheastAsia_000j", "migrationStage":"NotStarted", "server":"GENERAL01000014"}}
{"logTime": "1113/171426", "correlationVector":"BWO6ExbeIMMl1iPQKFQ+Bu.2","action":"Commit Response", "result":"Success", "context":Result: Success. cV=BWO6ExbeIMMl1iPQKFQ+Bu.0;server=GENERAL01000014;cloudType=Consumer;environment=Prod_SoutheastAsia_000j;migrationStage=NotStarted}
{"logTime": "1113/171557", "correlationVector":"Um1/4fZEVSfQMEAOfeLPis","action":"Commit Request", "result":"", "context":Item count: 1
Contributing types: Sessions}
{"logTime": "1113/171557", "correlationVector":"Um1/4fZEVSfQMEAOfeLPis.1","action":"SyncServerConnectionManagerRequest", "result":"SYNC_SERVER_OK", "context":{"environment":"Prod_SoutheastAsia_000j", "migrationStage":"NotStarted", "server":"GENERAL0100000X"}}
{"logTime": "1113/171557", "correlationVector":"Um1/4fZEVSfQMEAOfeLPis.2","action":"Commit Response", "result":"Success", "context":Result: Success. cV=Um1/4fZEVSfQMEAOfeLPis.0;server=GENERAL0100000X;cloudType=Consumer;environment=Prod_SoutheastAsia_000j;migrationStage=NotStarted}
{"logTime": "1113/171627", "correlationVector":"r/jIGQqVC9OG5UvB/KExuJ","action":"Commit Request", "result":"", "context":Item count: 1
Contributing types: Sessions}
{"logTime": "1113/171628", "correlationVector":"r/jIGQqVC9OG5UvB/KExuJ.1","action":"SyncServerConnectionManagerRequest", "result":"SYNC_SERVER_OK", "context":{"environment":"Prod_SoutheastAsia_000j", "migrationStage":"NotStarted", "server":"GENERAL0100001A"}}
{"logTime": "1113/171628", "correlationVector":"r/jIGQqVC9OG5UvB/KExuJ.2","action":"Commit Response", "result":"Success", "context":Result: Success. cV=r/jIGQqVC9OG5UvB/KExuJ.0;server=GENERAL0100001A;cloudType=Consumer;environment=Prod_SoutheastAsia_000j;migrationStage=NotStarted}
{"logTime": "1113/171751", "correlationVector":"Qp80AZwNJSznXLPsuePoTU","action":"Commit Request", "result":"", "context":Item count: 1
Contributing types: Sessions}
{"logTime": "1113/171752", "correlationVector":"Qp80AZwNJSznXLPsuePoTU.1","action":"SyncServerConnectionManagerRequest", "result":"SYNC_SERVER_OK", "context":{"environment":"Prod_SoutheastAsia_000j", "migrationStage":"NotStarted", "server":"GENERAL0300000L"}}
{"logTime": "1113/171752", "correlationVector":"Qp80AZwNJSznXLPsuePoTU.2","action":"Commit Response", "result":"Success", "context":Result: Success. cV=Qp80AZwNJSznXLPsuePoTU.0;server=GENERAL0300000L;cloudType=Consumer;environment=Prod_SoutheastAsia_000j;migrationStage=NotStarted}
{"logTime": "1113/171829", "correlationVector":"CqSrDH3XRch0Y7OCoWSmtc","action":"Commit Request", "result":"", "context":Item count: 1
Contributing types: Sessions}
{"logTime": "1113/171830", "correlationVector":"CqSrDH3XRch0Y7OCoWSmtc.1","action":"SyncServerConnectionManagerRequest", "result":"SYNC_SERVER_OK", "context":{"environment":"Prod_SoutheastAsia_000j", "migrationStage":"NotStarted", "server":"GENERAL01000005"}}
{"logTime": "1113/171830", "correlationVector":"CqSrDH3XRch0Y7OCoWSmtc.2","action":"Commit Response", "result":"Success", "context":Result: Success. cV=CqSrDH3XRch0Y7OCoWSmtc.0;server=GENERAL01000005;cloudType=Consumer;environment=Prod_SoutheastAsia_000j;migrationStage=NotStarted}
{"logTime": "1113/173043", "correlationVector":"3xw7m397NzlRRBDfi5NkYu","action":"Commit Request", "result":"", "context":Item count: 1
Contributing types: Sessions}
{"logTime": "1113/173044", "correlationVector":"3xw7m397NzlRRBDfi5NkYu.1","action":"SyncServerConnectionManagerRequest", "result":"SYNC_SERVER_OK", "context":{"environment":"Prod_SoutheastAsia_000j", "migrationStage":"NotStarted", "server":"GENERAL0300002T"}}
{"logTime": "1113/173044", "correlationVector":"3xw7m397NzlRRBDfi5NkYu.2","action":"Commit Response", "result":"Success", "context":Result: Success. cV=3xw7m397NzlRRBDfi5NkYu.0;server=GENERAL0300002T;cloudType=Consumer;environment=Prod_SoutheastAsia_000j;migrationStage=NotStarted}
{"logTime": "1113/173234", "correlationVector":"PvX9AtRDMZqUo87ihjknFI","action":"Commit Request", "result":"", "context":Item count: 1
Contributing types: Sessions}
{"logTime": "1113/173234", "correlationVector":"PvX9AtRDMZqUo87ihjknFI.1","action":"SyncServerConnectionManagerRequest", "result":"SYNC_SERVER_OK", "context":{"environment":"Prod_SoutheastAsia_000j", "migrationStage":"NotStarted", "server":"GENERAL0100000U"}}
{"logTime": "1113/173234", "correlationVector":"PvX9AtRDMZqUo87ihjknFI.2","action":"Commit Response", "result":"Success", "context":Result: Success. cV=PvX9AtRDMZqUo87ihjknFI.0;server=GENERAL0100000U;cloudType=Consumer;environment=Prod_SoutheastAsia_000j;migrationStage=NotStarted}
{"logTime": "1113/173420", "correlationVector":"xf5vCNZQaHID3eftw8BIsp","action":"Commit Request", "result":"", "context":Item count: 1
Contributing types: Sessions}
{"logTime": "1113/173420", "correlationVector":"xf5vCNZQaHID3eftw8BIsp.1","action":"SyncServerConnectionManagerRequest", "result":"SYNC_SERVER_OK", "context":{"environment":"Prod_SoutheastAsia_000j", "migrationStage":"NotStarted", "server":"GENERAL01000017"}}
{"logTime": "1113/173420", "correlationVector":"xf5vCNZQaHID3eftw8BIsp.2","action":"Commit Response", "result":"Success", "context":Result: Success. cV=xf5vCNZQaHID3eftw8BIsp.0;server=GENERAL01000017;cloudType=Consumer;environment=Prod_SoutheastAsia_000j;migrationStage=NotStarted}
{"logTime": "1113/173451", "correlationVector":"iPpJ6n3lfEcyDdyvtnheMx","action":"Commit Request", "result":"", "context":Item count: 1
Contributing types: Sessions}
{"logTime": "1113/173451", "correlationVector":"iPpJ6n3lfEcyDdyvtnheMx.1","action":"SyncServerConnectionManagerRequest", "result":"SYNC_SERVER_OK", "context":{"environment":"Prod_SoutheastAsia_000j", "migrationStage":"NotStarted", "server":"GENERAL0100000P"}}
{"logTime": "1113/173451", "correlationVector":"iPpJ6n3lfEcyDdyvtnheMx.2","action":"Commit Response", "result":"Success", "context":Result: Success. cV=iPpJ6n3lfEcyDdyvtnheMx.0;server=GENERAL0100000P;cloudType=Consumer;environment=Prod_SoutheastAsia_000j;migrationStage=NotStarted}
{"logTime": "1113/173543", "correlationVector":"03YnPN0cfsdVoTWyyIJKHt","action":"Commit Request", "result":"", "context":Item count: 1
Contributing types: Sessions}
{"logTime": "1113/173544", "correlationVector":"03YnPN0cfsdVoTWyyIJKHt.1","action":"SyncServerConnectionManagerRequest", "result":"SYNC_SERVER_OK", "context":{"environment":"Prod_SoutheastAsia_000j", "migrationStage":"NotStarted", "server":"GENERAL03000027"}}
{"logTime": "1113/173544", "correlationVector":"03YnPN0cfsdVoTWyyIJKHt.2","action":"Commit Response", "result":"Success", "context":Result: Success. cV=03YnPN0cfsdVoTWyyIJKHt.0;server=GENERAL03000027;cloudType=Consumer;environment=Prod_SoutheastAsia_000j;migrationStage=NotStarted}
{"logTime": "1113/173704", "correlationVector":"spEAoagk3r485Zapt+tj7S","action":"Commit Request", "result":"", "context":Item count: 1
Contributing types: Sessions}
{"logTime": "1113/173705", "correlationVector":"spEAoagk3r485Zapt+tj7S.1","action":"SyncServerConnectionManagerRequest", "result":"SYNC_SERVER_OK", "context":{"environment":"Prod_SoutheastAsia_000j", "migrationStage":"NotStarted", "server":"GENERAL0300002R"}}
{"logTime": "1113/173705", "correlationVector":"spEAoagk3r485Zapt+tj7S.2","action":"Commit Response", "result":"Success", "context":Result: Success. cV=spEAoagk3r485Zapt+tj7S.0;server=GENERAL0300002R;cloudType=Consumer;environment=Prod_SoutheastAsia_000j;migrationStage=NotStarted}
{"logTime": "1113/173805", "correlationVector":"NoreBiKdy3ofqkmen3fp/n","action":"Commit Request", "result":"", "context":Item count: 1
Contributing types: Sessions}
{"logTime": "1113/173805", "correlationVector":"NoreBiKdy3ofqkmen3fp/n.1","action":"SyncServerConnectionManagerRequest", "result":"SYNC_SERVER_OK", "context":{"environment":"Prod_SoutheastAsia_000j", "migrationStage":"NotStarted", "server":"GENERAL0100000X"}}
{"logTime": "1113/173805", "correlationVector":"NoreBiKdy3ofqkmen3fp/n.2","action":"Commit Response", "result":"Success", "context":Result: Success. cV=NoreBiKdy3ofqkmen3fp/n.0;server=GENERAL0100000X;cloudType=Consumer;environment=Prod_SoutheastAsia_000j;migrationStage=NotStarted}
{"logTime": "1113/173910", "correlationVector":"hNxNzYT6OrQam/1jG+TbIj","action":"Commit Request", "result":"", "context":Item count: 1
Contributing types: Sessions}
{"logTime": "1113/173911", "correlationVector":"hNxNzYT6OrQam/1jG+TbIj.1","action":"SyncServerConnectionManagerRequest", "result":"SYNC_SERVER_OK", "context":{"environment":"Prod_SoutheastAsia_000j", "migrationStage":"NotStarted", "server":"GENERAL0300001R"}}
{"logTime": "1113/173911", "correlationVector":"hNxNzYT6OrQam/1jG+TbIj.2","action":"Commit Response", "result":"Success", "context":Result: Success. cV=hNxNzYT6OrQam/1jG+TbIj.0;server=GENERAL0300001R;cloudType=Consumer;environment=Prod_SoutheastAsia_000j;migrationStage=NotStarted}
{"logTime": "1113/174054", "correlationVector":"4EQX65IDcAnJjGlTmi6y5r","action":"Commit Request", "result":"", "context":Item count: 1
Contributing types: Sessions}
{"logTime": "1113/174055", "correlationVector":"4EQX65IDcAnJjGlTmi6y5r.1","action":"SyncServerConnectionManagerRequest", "result":"SYNC_SERVER_OK", "context":{"environment":"Prod_SoutheastAsia_000j", "migrationStage":"NotStarted", "server":"GENERAL0100001I"}}
{"logTime": "1113/174055", "correlationVector":"4EQX65IDcAnJjGlTmi6y5r.2","action":"Commit Response", "result":"Success", "context":Result: Success. cV=4EQX65IDcAnJjGlTmi6y5r.0;server=GENERAL0100001I;cloudType=Consumer;environment=Prod_SoutheastAsia_000j;migrationStage=NotStarted}
{"logTime": "1113/174150", "correlationVector":"xZR6zMJLBnytBPaxV8nqdr","action":"Commit Request", "result":"", "context":Item count: 1
Contributing types: Sessions}
{"logTime": "1113/174151", "correlationVector":"xZR6zMJLBnytBPaxV8nqdr.1","action":"SyncServerConnectionManagerRequest", "result":"SYNC_SERVER_OK", "context":{"environment":"Prod_SoutheastAsia_000j", "migrationStage":"NotStarted", "server":"GENERAL0100001L"}}
{"logTime": "1113/174151", "correlationVector":"xZR6zMJLBnytBPaxV8nqdr.2","action":"Commit Response", "result":"Success", "context":Result: Success. cV=xZR6zMJLBnytBPaxV8nqdr.0;server=GENERAL0100001L;cloudType=Consumer;environment=Prod_SoutheastAsia_000j;migrationStage=NotStarted}
{"logTime": "1113/174335", "correlationVector":"fX3CsiTxluwRaW9gw/M5B5","action":"Commit Request", "result":"", "context":Item count: 1
Contributing types: Sessions}
{"logTime": "1113/174335", "correlationVector":"fX3CsiTxluwRaW9gw/M5B5.1","action":"SyncServerConnectionManagerRequest", "result":"SYNC_SERVER_OK", "context":{"environment":"Prod_SoutheastAsia_000j", "migrationStage":"NotStarted", "server":"GENERAL0300002W"}}
{"logTime": "1113/174335", "correlationVector":"fX3CsiTxluwRaW9gw/M5B5.2","action":"Commit Response", "result":"Success", "context":Result: Success. cV=fX3CsiTxluwRaW9gw/M5B5.0;server=GENERAL0300002W;cloudType=Consumer;environment=Prod_SoutheastAsia_000j;migrationStage=NotStarted}
{"logTime": "1113/174457", "correlationVector":"H9WKHJI7oGydE35N+jdnn7","action":"Commit Request", "result":"", "context":Item count: 1
Contributing types: Sessions}
{"logTime": "1113/174458", "correlationVector":"H9WKHJI7oGydE35N+jdnn7.1","action":"SyncServerConnectionManagerRequest", "result":"SYNC_SERVER_OK", "context":{"environment":"Prod_SoutheastAsia_000j", "migrationStage":"NotStarted", "server":"GENERAL0100000Z"}}
{"logTime": "1113/174458", "correlationVector":"H9WKHJI7oGydE35N+jdnn7.2","action":"Commit Response", "result":"Success", "context":Result: Success. cV=H9WKHJI7oGydE35N+jdnn7.0;server=GENERAL0100000Z;cloudType=Consumer;environment=Prod_SoutheastAsia_000j;migrationStage=NotStarted}
{"logTime": "1113/174559", "correlationVector":"zZF7t9Fuy9zHRFGrBxb0i4","action":"Commit Request", "result":"", "context":Item count: 1
Contributing types: Sessions}
{"logTime": "1113/174559", "correlationVector":"zZF7t9Fuy9zHRFGrBxb0i4.1","action":"SyncServerConnectionManagerRequest", "result":"SYNC_SERVER_OK", "context":{"environment":"Prod_SoutheastAsia_000j", "migrationStage":"NotStarted", "server":"GENERAL0100000K"}}
{"logTime": "1113/174559", "correlationVector":"zZF7t9Fuy9zHRFGrBxb0i4.2","action":"Commit Response", "result":"Success", "context":Result: Success. cV=zZF7t9Fuy9zHRFGrBxb0i4.0;server=GENERAL0100000K;cloudType=Consumer;environment=Prod_SoutheastAsia_000j;migrationStage=NotStarted}
{"logTime": "1113/174637", "correlationVector":"wG41Pi4bH0x/mbgIZmaxau","action":"Commit Request", "result":"", "context":Item count: 1
Contributing types: Sessions}
{"logTime": "1113/174637", "correlationVector":"wG41Pi4bH0x/mbgIZmaxau.1","action":"SyncServerConnectionManagerRequest", "result":"SYNC_SERVER_OK", "context":{"environment":"Prod_SoutheastAsia_000j", "migrationStage":"NotStarted", "server":"GENERAL01000009"}}
{"logTime": "1113/174637", "correlationVector":"wG41Pi4bH0x/mbgIZmaxau.2","action":"Commit Response", "result":"Success", "context":Result: Success. cV=wG41Pi4bH0x/mbgIZmaxau.0;server=GENERAL01000009;cloudType=Consumer;environment=Prod_SoutheastAsia_000j;migrationStage=NotStarted}
{"logTime": "1113/175018", "correlationVector":"NZZiJ9H+I2mnBZ20qNbQQd","action":"Commit Request", "result":"", "context":Item count: 1
Contributing types: Sessions}
{"logTime": "1113/175019", "correlationVector":"NZZiJ9H+I2mnBZ20qNbQQd.1","action":"SyncServerConnectionManagerRequest", "result":"SYNC_SERVER_OK", "context":{"environment":"Prod_SoutheastAsia_000j", "migrationStage":"NotStarted", "server":"GENERAL0300000T"}}
{"logTime": "1113/175019", "correlationVector":"NZZiJ9H+I2mnBZ20qNbQQd.2","action":"Commit Response", "result":"Success", "context":Result: Success. cV=NZZiJ9H+I2mnBZ20qNbQQd.0;server=GENERAL0300000T;cloudType=Consumer;environment=Prod_SoutheastAsia_000j;migrationStage=NotStarted}
{"logTime": "1113/175139", "correlationVector":"KwvP8VyT6vyPF7/v8jhN14","action":"Commit Request", "result":"", "context":Item count: 1
Contributing types: Sessions}
{"logTime": "1113/175140", "correlationVector":"KwvP8VyT6vyPF7/v8jhN14.1","action":"SyncServerConnectionManagerRequest", "result":"SYNC_SERVER_OK", "context":{"environment":"Prod_SoutheastAsia_000j", "migrationStage":"NotStarted", "server":"GENERAL0300000H"}}
{"logTime": "1113/175140", "correlationVector":"KwvP8VyT6vyPF7/v8jhN14.2","action":"Commit Response", "result":"Success", "context":Result: Success. cV=KwvP8VyT6vyPF7/v8jhN14.0;server=GENERAL0300000H;cloudType=Consumer;environment=Prod_SoutheastAsia_000j;migrationStage=NotStarted}
{"logTime": "1113/175210", "correlationVector":"DMyio/Vu38e1q7xktxDDSk","action":"Commit Request", "result":"", "context":Item count: 1
Contributing types: Sessions}
{"logTime": "1113/175210", "correlationVector":"DMyio/Vu38e1q7xktxDDSk.1","action":"SyncServerConnectionManagerRequest", "result":"SYNC_SERVER_OK", "context":{"environment":"Prod_SoutheastAsia_000j", "migrationStage":"NotStarted", "server":"GENERAL0300001R"}}
{"logTime": "1113/175210", "correlationVector":"DMyio/Vu38e1q7xktxDDSk.2","action":"Commit Response", "result":"Success", "context":Result: Success. cV=DMyio/Vu38e1q7xktxDDSk.0;server=GENERAL0300001R;cloudType=Consumer;environment=Prod_SoutheastAsia_000j;migrationStage=NotStarted}
{"logTime": "1113/175246", "correlationVector":"M3jIuBg1xlsI5GURU/qp+2","action":"Commit Request", "result":"", "context":Item count: 1
Contributing types: Sessions}
{"logTime": "1113/175246", "correlationVector":"M3jIuBg1xlsI5GURU/qp+2.1","action":"SyncServerConnectionManagerRequest", "result":"SYNC_SERVER_OK", "context":{"environment":"Prod_SoutheastAsia_000j", "migrationStage":"NotStarted", "server":"GENERAL0300000A"}}
{"logTime": "1113/175246", "correlationVector":"M3jIuBg1xlsI5GURU/qp+2.2","action":"Commit Response", "result":"Success", "context":Result: Success. cV=M3jIuBg1xlsI5GURU/qp+2.0;server=GENERAL0300000A;cloudType=Consumer;environment=Prod_SoutheastAsia_000j;migrationStage=NotStarted}
{"logTime": "1113/175433", "correlationVector":"IrvMOTy22kIY6mtlQoNWya","action":"Commit Request", "result":"", "context":Item count: 1
Contributing types: Sessions}
{"logTime": "1113/175433", "correlationVector":"IrvMOTy22kIY6mtlQoNWya.1","action":"SyncServerConnectionManagerRequest", "result":"SYNC_SERVER_OK", "context":{"environment":"Prod_SoutheastAsia_000j", "migrationStage":"NotStarted", "server":"GENERAL0300000L"}}
{"logTime": "1113/175433", "correlationVector":"IrvMOTy22kIY6mtlQoNWya.2","action":"Commit Response", "result":"Success", "context":Result: Success. cV=IrvMOTy22kIY6mtlQoNWya.0;server=GENERAL0300000L;cloudType=Consumer;environment=Prod_SoutheastAsia_000j;migrationStage=NotStarted}
{"logTime": "1113/175513", "correlationVector":"hQ/OeJlOVxdNycX44GyDGv","action":"Commit Request", "result":"", "context":Item count: 1
Contributing types: Sessions}
{"logTime": "1113/175513", "correlationVector":"hQ/OeJlOVxdNycX44GyDGv.1","action":"SyncServerConnectionManagerRequest", "result":"SYNC_SERVER_OK", "context":{"environment":"Prod_SoutheastAsia_000j", "migrationStage":"NotStarted", "server":"GENERAL0300001S"}}
{"logTime": "1113/175513", "correlationVector":"hQ/OeJlOVxdNycX44GyDGv.2","action":"Commit Response", "result":"Success", "context":Result: Success. cV=hQ/OeJlOVxdNycX44GyDGv.0;server=GENERAL0300001S;cloudType=Consumer;environment=Prod_SoutheastAsia_000j;migrationStage=NotStarted}
{"logTime": "1113/175547", "correlationVector":"y9dn2+ddvaMdLZYapzyjC0","action":"Commit Request", "result":"", "context":Item count: 1
Contributing types: Sessions}
{"logTime": "1113/175547", "correlationVector":"y9dn2+ddvaMdLZYapzyjC0.1","action":"SyncServerConnectionManagerRequest", "result":"SYNC_SERVER_OK", "context":{"environment":"Prod_SoutheastAsia_000j", "migrationStage":"NotStarted", "server":"GENERAL0300001V"}}
{"logTime": "1113/175547", "correlationVector":"y9dn2+ddvaMdLZYapzyjC0.2","action":"Commit Response", "result":"Success", "context":Result: Success. cV=y9dn2+ddvaMdLZYapzyjC0.0;server=GENERAL0300001V;cloudType=Consumer;environment=Prod_SoutheastAsia_000j;migrationStage=NotStarted}
{"logTime": "1113/180221", "correlationVector":"yMTa5OEwpTsi1BrXNIP279","action":"Commit Request", "result":"", "context":Item count: 1
Contributing types: Sessions}
{"logTime": "1113/180221", "correlationVector":"yMTa5OEwpTsi1BrXNIP279.1","action":"SyncServerConnectionManagerRequest", "result":"SYNC_SERVER_OK", "context":{"environment":"Prod_SoutheastAsia_000j", "migrationStage":"NotStarted", "server":"GENERAL0300000H"}}
{"logTime": "1113/180221", "correlationVector":"yMTa5OEwpTsi1BrXNIP279.2","action":"Commit Response", "result":"Success", "context":Result: Success. cV=yMTa5OEwpTsi1BrXNIP279.0;server=GENERAL0300000H;cloudType=Consumer;environment=Prod_SoutheastAsia_000j;migrationStage=NotStarted}
{"logTime": "1113/180340", "correlationVector":"QARnaXWZmQfVNk4akBzJrI","action":"Commit Request", "result":"", "context":Item count: 1
Contributing types: Sessions}
{"logTime": "1113/180340", "correlationVector":"QARnaXWZmQfVNk4akBzJrI.1","action":"SyncServerConnectionManagerRequest", "result":"SYNC_SERVER_OK", "context":{"environment":"Prod_SoutheastAsia_000j", "migrationStage":"NotStarted", "server":"GENERAL0100001A"}}
{"logTime": "1113/180340", "correlationVector":"QARnaXWZmQfVNk4akBzJrI.2","action":"Commit Response", "result":"Success", "context":Result: Success. cV=QARnaXWZmQfVNk4akBzJrI.0;server=GENERAL0100001A;cloudType=Consumer;environment=Prod_SoutheastAsia_000j;migrationStage=NotStarted}
{"logTime": "1113/180430", "correlationVector":"NwzUBA8vlor5SvYR7UHSzS","action":"Commit Request", "result":"", "context":Item count: 1
Contributing types: Sessions}
{"logTime": "1113/180431", "correlationVector":"NwzUBA8vlor5SvYR7UHSzS.1","action":"SyncServerConnectionManagerRequest", "result":"SYNC_SERVER_OK", "context":{"environment":"Prod_SoutheastAsia_000j", "migrationStage":"NotStarted", "server":"GENERAL01000005"}}
{"logTime": "1113/180431", "correlationVector":"NwzUBA8vlor5SvYR7UHSzS.2","action":"Commit Response", "result":"Success", "context":Result: Success. cV=NwzUBA8vlor5SvYR7UHSzS.0;server=GENERAL01000005;cloudType=Consumer;environment=Prod_SoutheastAsia_000j;migrationStage=NotStarted}
{"logTime": "1113/180510", "correlationVector":"upqaQXUPsnYxZJPeoHI8/2","action":"Commit Request", "result":"", "context":Item count: 1
Contributing types: Sessions}
{"logTime": "1113/180510", "correlationVector":"upqaQXUPsnYxZJPeoHI8/2.1","action":"SyncServerConnectionManagerRequest", "result":"SYNC_SERVER_OK", "context":{"environment":"Prod_SoutheastAsia_000j", "migrationStage":"NotStarted", "server":"GENERAL0300001L"}}
{"logTime": "1113/180510", "correlationVector":"upqaQXUPsnYxZJPeoHI8/2.2","action":"Commit Response", "result":"Success", "context":Result: Success. cV=upqaQXUPsnYxZJPeoHI8/2.0;server=GENERAL0300001L;cloudType=Consumer;environment=Prod_SoutheastAsia_000j;migrationStage=NotStarted}
{"logTime": "1113/180635", "correlationVector":"Mn6VOwtb5egGCyrlvpComt","action":"Commit Request", "result":"", "context":Item count: 1
Contributing types: Sessions}
{"logTime": "1113/180635", "correlationVector":"Mn6VOwtb5egGCyrlvpComt.1","action":"SyncServerConnectionManagerRequest", "result":"SYNC_SERVER_OK", "context":{"environment":"Prod_SoutheastAsia_000j", "migrationStage":"NotStarted", "server":"GENERAL03000017"}}
{"logTime": "1113/180635", "correlationVector":"Mn6VOwtb5egGCyrlvpComt.2","action":"Commit Response", "result":"Success", "context":Result: Success. cV=Mn6VOwtb5egGCyrlvpComt.0;server=GENERAL03000017;cloudType=Consumer;environment=Prod_SoutheastAsia_000j;migrationStage=NotStarted}
{"logTime": "1113/180844", "correlationVector":"efEEEIKMOC4XBWVRVvJIR8","action":"Commit Request", "result":"", "context":Item count: 1
Contributing types: Sessions}
{"logTime": "1113/180844", "correlationVector":"efEEEIKMOC4XBWVRVvJIR8.1","action":"SyncServerConnectionManagerRequest", "result":"SYNC_SERVER_OK", "context":{"environment":"Prod_SoutheastAsia_000j", "migrationStage":"NotStarted", "server":"GENERAL0100000N"}}
{"logTime": "1113/180844", "correlationVector":"efEEEIKMOC4XBWVRVvJIR8.2","action":"Commit Response", "result":"Success", "context":Result: Success. cV=efEEEIKMOC4XBWVRVvJIR8.0;server=GENERAL0100000N;cloudType=Consumer;environment=Prod_SoutheastAsia_000j;migrationStage=NotStarted}
{"logTime": "1113/180936", "correlationVector":"StTMlorYKx/PrInNBA//50","action":"Commit Request", "result":"", "context":Item count: 1
Contributing types: Sessions}
{"logTime": "1113/180937", "correlationVector":"StTMlorYKx/PrInNBA//50.1","action":"SyncServerConnectionManagerRequest", "result":"SYNC_SERVER_OK", "context":{"environment":"Prod_SoutheastAsia_000j", "migrationStage":"NotStarted", "server":"GENERAL0300002W"}}
{"logTime": "1113/180937", "correlationVector":"StTMlorYKx/PrInNBA//50.2","action":"Commit Response", "result":"Success", "context":Result: Success. cV=StTMlorYKx/PrInNBA//50.0;server=GENERAL0300002W;cloudType=Consumer;environment=Prod_SoutheastAsia_000j;migrationStage=NotStarted}
{"logTime": "1113/181237", "correlationVector":"776iUvbm8rrg4ttTDM2zbN","action":"Commit Request", "result":"", "context":Item count: 1
Contributing types: Sessions}
{"logTime": "1113/181237", "correlationVector":"776iUvbm8rrg4ttTDM2zbN.1","action":"SyncServerConnectionManagerRequest", "result":"SYNC_SERVER_OK", "context":{"environment":"Prod_SoutheastAsia_000j", "migrationStage":"NotStarted", "server":"GENERAL01000002"}}
{"logTime": "1113/181237", "correlationVector":"776iUvbm8rrg4ttTDM2zbN.2","action":"Commit Response", "result":"Success", "context":Result: Success. cV=776iUvbm8rrg4ttTDM2zbN.0;server=GENERAL01000002;cloudType=Consumer;environment=Prod_SoutheastAsia_000j;migrationStage=NotStarted}
{"logTime": "1113/181346", "correlationVector":"IiGunsy3T81bSeCOqi+H9+","action":"Commit Request", "result":"", "context":Item count: 1
Contributing types: Sessions}
{"logTime": "1113/181346", "correlationVector":"IiGunsy3T81bSeCOqi+H9+.1","action":"SyncServerConnectionManagerRequest", "result":"SYNC_SERVER_OK", "context":{"environment":"Prod_SoutheastAsia_000j", "migrationStage":"NotStarted", "server":"GENERAL0100000L"}}
{"logTime": "1113/181346", "correlationVector":"IiGunsy3T81bSeCOqi+H9+.2","action":"Commit Response", "result":"Success", "context":Result: Success. cV=IiGunsy3T81bSeCOqi+H9+.0;server=GENERAL0100000L;cloudType=Consumer;environment=Prod_SoutheastAsia_000j;migrationStage=NotStarted}
{"logTime": "1113/181421", "correlationVector":"9VnhOqBmtwwqBkptRqEaS/","action":"Commit Request", "result":"", "context":Item count: 1
Contributing types: Sessions}
{"logTime": "1113/181421", "correlationVector":"9VnhOqBmtwwqBkptRqEaS/.1","action":"SyncServerConnectionManagerRequest", "result":"SYNC_SERVER_OK", "context":{"environment":"Prod_SoutheastAsia_000j", "migrationStage":"NotStarted", "server":"GENERAL0100000B"}}
{"logTime": "1113/181421", "correlationVector":"9VnhOqBmtwwqBkptRqEaS/.2","action":"Commit Response", "result":"Success", "context":Result: Success. cV=9VnhOqBmtwwqBkptRqEaS/.0;server=GENERAL0100000B;cloudType=Consumer;environment=Prod_SoutheastAsia_000j;migrationStage=NotStarted}
{"logTime": "1113/181607", "correlationVector":"9YhNFFNeuxhEE2g5XtzRrz","action":"Commit Request", "result":"", "context":Item count: 1
Contributing types: Sessions}
{"logTime": "1113/181608", "correlationVector":"9YhNFFNeuxhEE2g5XtzRrz.1","action":"SyncServerConnectionManagerRequest", "result":"SYNC_SERVER_OK", "context":{"environment":"Prod_SoutheastAsia_000j", "migrationStage":"NotStarted", "server":"GENERAL01000008"}}
{"logTime": "1113/181608", "correlationVector":"9YhNFFNeuxhEE2g5XtzRrz.2","action":"Commit Response", "result":"Success", "context":Result: Success. cV=9YhNFFNeuxhEE2g5XtzRrz.0;server=GENERAL01000008;cloudType=Consumer;environment=Prod_SoutheastAsia_000j;migrationStage=NotStarted}
{"logTime": "1113/181640", "correlationVector":"6+5y7Q6gui3H18oV4V1aEo","action":"Commit Request", "result":"", "context":Item count: 1
Contributing types: Sessions}
{"logTime": "1113/181640", "correlationVector":"6+5y7Q6gui3H18oV4V1aEo.1","action":"SyncServerConnectionManagerRequest", "result":"SYNC_SERVER_OK", "context":{"environment":"Prod_SoutheastAsia_000j", "migrationStage":"NotStarted", "server":"GENERAL0300000M"}}
{"logTime": "1113/181640", "correlationVector":"6+5y7Q6gui3H18oV4V1aEo.2","action":"Commit Response", "result":"Success", "context":Result: Success. cV=6+5y7Q6gui3H18oV4V1aEo.0;server=GENERAL0300000M;cloudType=Consumer;environment=Prod_SoutheastAsia_000j;migrationStage=NotStarted}
{"logTime": "1113/181721", "correlationVector":"eRJ5Pi8yTDDGJLore30RC9","action":"Commit Request", "result":"", "context":Item count: 1
Contributing types: Sessions}
{"logTime": "1113/181721", "correlationVector":"eRJ5Pi8yTDDGJLore30RC9.1","action":"SyncServerConnectionManagerRequest", "result":"SYNC_SERVER_OK", "context":{"environment":"Prod_SoutheastAsia_000j", "migrationStage":"NotStarted", "server":"GENERAL0300000L"}}
{"logTime": "1113/181721", "correlationVector":"eRJ5Pi8yTDDGJLore30RC9.2","action":"Commit Response", "result":"Success", "context":Result: Success. cV=eRJ5Pi8yTDDGJLore30RC9.0;server=GENERAL0300000L;cloudType=Consumer;environment=Prod_SoutheastAsia_000j;migrationStage=NotStarted}
{"logTime": "1113/181757", "correlationVector":"weOwQKSZVYxSbXE/7ti+Gz","action":"Commit Request", "result":"", "context":Item count: 1
Contributing types: Sessions}
{"logTime": "1113/181757", "correlationVector":"weOwQKSZVYxSbXE/7ti+Gz.1","action":"SyncServerConnectionManagerRequest", "result":"SYNC_SERVER_OK", "context":{"environment":"Prod_SoutheastAsia_000j", "migrationStage":"NotStarted", "server":"GENERAL0300002X"}}
{"logTime": "1113/181757", "correlationVector":"weOwQKSZVYxSbXE/7ti+Gz.2","action":"Commit Response", "result":"Success", "context":Result: Success. cV=weOwQKSZVYxSbXE/7ti+Gz.0;server=GENERAL0300002X;cloudType=Consumer;environment=Prod_SoutheastAsia_000j;migrationStage=NotStarted}
{"logTime": "1113/182446", "correlationVector":"7yy2ha9TcIHhp7ihUophEE","action":"Commit Request", "result":"", "context":Item count: 1
Contributing types: Sessions}
{"logTime": "1113/182446", "correlationVector":"7yy2ha9TcIHhp7ihUophEE.1","action":"SyncServerConnectionManagerRequest", "result":"SYNC_SERVER_OK", "context":{"environment":"Prod_SoutheastAsia_000j", "migrationStage":"NotStarted", "server":"GENERAL0300000Z"}}
{"logTime": "1113/182446", "correlationVector":"7yy2ha9TcIHhp7ihUophEE.2","action":"Commit Response", "result":"Success", "context":Result: Success. cV=7yy2ha9TcIHhp7ihUophEE.0;server=GENERAL0300000Z;cloudType=Consumer;environment=Prod_SoutheastAsia_000j;migrationStage=NotStarted}
{"logTime": "1113/182538", "correlationVector":"lffDt66Bzc4OVCxDwzmnWK","action":"Commit Request", "result":"", "context":Item count: 1
Contributing types: Sessions}
{"logTime": "1113/182539", "correlationVector":"lffDt66Bzc4OVCxDwzmnWK.1","action":"SyncServerConnectionManagerRequest", "result":"SYNC_SERVER_OK", "context":{"environment":"Prod_SoutheastAsia_000j", "migrationStage":"NotStarted", "server":"GENERAL03000012"}}
{"logTime": "1113/182539", "correlationVector":"lffDt66Bzc4OVCxDwzmnWK.2","action":"Commit Response", "result":"Success", "context":Result: Success. cV=lffDt66Bzc4OVCxDwzmnWK.0;server=GENERAL03000012;cloudType=Consumer;environment=Prod_SoutheastAsia_000j;migrationStage=NotStarted}
{"logTime": "1113/182642", "correlationVector":"SppNcwwhXdXo8MktBhMPqR","action":"Commit Request", "result":"", "context":Item count: 1
Contributing types: Sessions}
{"logTime": "1113/182643", "correlationVector":"SppNcwwhXdXo8MktBhMPqR.1","action":"SyncServerConnectionManagerRequest", "result":"SYNC_SERVER_OK", "context":{"environment":"Prod_SoutheastAsia_000j", "migrationStage":"NotStarted", "server":"GENERAL0100000T"}}
{"logTime": "1113/182643", "correlationVector":"SppNcwwhXdXo8MktBhMPqR.2","action":"Commit Response", "result":"Success", "context":Result: Success. cV=SppNcwwhXdXo8MktBhMPqR.0;server=GENERAL0100000T;cloudType=Consumer;environment=Prod_SoutheastAsia_000j;migrationStage=NotStarted}
{"logTime": "1113/182815", "correlationVector":"YWg/sgvxYgbfe9NjVmWfBE","action":"Commit Request", "result":"", "context":Item count: 1
Contributing types: Sessions}
{"logTime": "1113/182815", "correlationVector":"YWg/sgvxYgbfe9NjVmWfBE.1","action":"SyncServerConnectionManagerRequest", "result":"SYNC_SERVER_OK", "context":{"environment":"Prod_SoutheastAsia_000j", "migrationStage":"NotStarted", "server":"GENERAL0300002L"}}
{"logTime": "1113/182815", "correlationVector":"YWg/sgvxYgbfe9NjVmWfBE.2","action":"Commit Response", "result":"Success", "context":Result: Success. cV=YWg/sgvxYgbfe9NjVmWfBE.0;server=GENERAL0300002L;cloudType=Consumer;environment=Prod_SoutheastAsia_000j;migrationStage=NotStarted}
{"logTime": "1113/183126", "correlationVector":"8fjXh0MdMdb53OVbn5aB+j","action":"Commit Request", "result":"", "context":Item count: 1
Contributing types: Sessions}
{"logTime": "1113/183126", "correlationVector":"8fjXh0MdMdb53OVbn5aB+j.1","action":"SyncServerConnectionManagerRequest", "result":"SYNC_SERVER_OK", "context":{"environment":"Prod_SoutheastAsia_000j", "migrationStage":"NotStarted", "server":"GENERAL0300002N"}}
{"logTime": "1113/183126", "correlationVector":"8fjXh0MdMdb53OVbn5aB+j.2","action":"Commit Response", "result":"Success", "context":Result: Success. cV=8fjXh0MdMdb53OVbn5aB+j.0;server=GENERAL0300002N;cloudType=Consumer;environment=Prod_SoutheastAsia_000j;migrationStage=NotStarted}
{"logTime": "1113/183212", "correlationVector":"fw8QMulAFuVxzP/mcgoyzm","action":"Commit Request", "result":"", "context":Item count: 1
Contributing types: Sessions}
{"logTime": "1113/183212", "correlationVector":"fw8QMulAFuVxzP/mcgoyzm.1","action":"SyncServerConnectionManagerRequest", "result":"SYNC_SERVER_OK", "context":{"environment":"Prod_SoutheastAsia_000j", "migrationStage":"NotStarted", "server":"GENERAL0100000V"}}
{"logTime": "1113/183212", "correlationVector":"fw8QMulAFuVxzP/mcgoyzm.2","action":"Commit Response", "result":"Success", "context":Result: Success. cV=fw8QMulAFuVxzP/mcgoyzm.0;server=GENERAL0100000V;cloudType=Consumer;environment=Prod_SoutheastAsia_000j;migrationStage=NotStarted}
{"logTime": "1113/183345", "correlationVector":"1X9Gt8Gl2x7J1Q0hzsphmn","action":"Commit Request", "result":"", "context":Item count: 1
Contributing types: Sessions}
{"logTime": "1113/183346", "correlationVector":"1X9Gt8Gl2x7J1Q0hzsphmn.1","action":"SyncServerConnectionManagerRequest", "result":"SYNC_SERVER_OK", "context":{"environment":"Prod_SoutheastAsia_000j", "migrationStage":"NotStarted", "server":"GENERAL03000017"}}
{"logTime": "1113/183346", "correlationVector":"1X9Gt8Gl2x7J1Q0hzsphmn.2","action":"Commit Response", "result":"Success", "context":Result: Success. cV=1X9Gt8Gl2x7J1Q0hzsphmn.0;server=GENERAL03000017;cloudType=Consumer;environment=Prod_SoutheastAsia_000j;migrationStage=NotStarted}
{"logTime": "1113/183441", "correlationVector":"Po12NzMMFKmputIB23Msey","action":"Commit Request", "result":"", "context":Item count: 1
Contributing types: Sessions}
{"logTime": "1113/183441", "correlationVector":"Po12NzMMFKmputIB23Msey.1","action":"SyncServerConnectionManagerRequest", "result":"SYNC_SERVER_OK", "context":{"environment":"Prod_SoutheastAsia_000j", "migrationStage":"NotStarted", "server":"GENERAL01000004"}}
{"logTime": "1113/183441", "correlationVector":"Po12NzMMFKmputIB23Msey.2","action":"Commit Response", "result":"Success", "context":Result: Success. cV=Po12NzMMFKmputIB23Msey.0;server=GENERAL01000004;cloudType=Consumer;environment=Prod_SoutheastAsia_000j;migrationStage=NotStarted}
{"logTime": "1113/183546", "correlationVector":"hWtv3tgnjG6iEHNMzmmL8c","action":"Commit Request", "result":"", "context":Item count: 1
Contributing types: Sessions}
{"logTime": "1113/183546", "correlationVector":"hWtv3tgnjG6iEHNMzmmL8c.1","action":"SyncServerConnectionManagerRequest", "result":"SYNC_SERVER_OK", "context":{"environment":"Prod_SoutheastAsia_000j", "migrationStage":"NotStarted", "server":"GENERAL03000017"}}
{"logTime": "1113/183546", "correlationVector":"hWtv3tgnjG6iEHNMzmmL8c.2","action":"Commit Response", "result":"Success", "context":Result: Success. cV=hWtv3tgnjG6iEHNMzmmL8c.0;server=GENERAL03000017;cloudType=Consumer;environment=Prod_SoutheastAsia_000j;migrationStage=NotStarted}
{"logTime": "1113/183648", "correlationVector":"pbwCg98zFLxSzGXtinIyBv","action":"Commit Request", "result":"", "context":Item count: 1
Contributing types: Sessions}
{"logTime": "1113/183648", "correlationVector":"pbwCg98zFLxSzGXtinIyBv.1","action":"SyncServerConnectionManagerRequest", "result":"SYNC_SERVER_OK", "context":{"environment":"Prod_SoutheastAsia_000j", "migrationStage":"NotStarted", "server":"GENERAL0300001P"}}
{"logTime": "1113/183648", "correlationVector":"pbwCg98zFLxSzGXtinIyBv.2","action":"Commit Response", "result":"Success", "context":Result: Success. cV=pbwCg98zFLxSzGXtinIyBv.0;server=GENERAL0300001P;cloudType=Consumer;environment=Prod_SoutheastAsia_000j;migrationStage=NotStarted}
{"logTime": "1113/183808", "correlationVector":"xBjTxism6vh7z/nMKtz3E2","action":"Commit Request", "result":"", "context":Item count: 1
Contributing types: Sessions}
{"logTime": "1113/183808", "correlationVector":"xBjTxism6vh7z/nMKtz3E2.1","action":"SyncServerConnectionManagerRequest", "result":"SYNC_SERVER_OK", "context":{"environment":"Prod_SoutheastAsia_000j", "migrationStage":"NotStarted", "server":"GENERAL0300002W"}}
{"logTime": "1113/183808", "correlationVector":"xBjTxism6vh7z/nMKtz3E2.2","action":"Commit Response", "result":"Success", "context":Result: Success. cV=xBjTxism6vh7z/nMKtz3E2.0;server=GENERAL0300002W;cloudType=Consumer;environment=Prod_SoutheastAsia_000j;migrationStage=NotStarted}
{"logTime": "1113/183859", "correlationVector":"uo2urhG5bLTmsgyDagFq90","action":"Commit Request", "result":"", "context":Item count: 1
Contributing types: Sessions}
{"logTime": "1113/183859", "correlationVector":"uo2urhG5bLTmsgyDagFq90.1","action":"SyncServerConnectionManagerRequest", "result":"SYNC_SERVER_OK", "context":{"environment":"Prod_SoutheastAsia_000j", "migrationStage":"NotStarted", "server":"GENERAL03000012"}}
{"logTime": "1113/183859", "correlationVector":"uo2urhG5bLTmsgyDagFq90.2","action":"Commit Response", "result":"Success", "context":Result: Success. cV=uo2urhG5bLTmsgyDagFq90.0;server=GENERAL03000012;cloudType=Consumer;environment=Prod_SoutheastAsia_000j;migrationStage=NotStarted}
{"logTime": "1113/183942", "correlationVector":"9AJGkGAwFTv/sLiSJVco/G","action":"Commit Request", "result":"", "context":Item count: 1
Contributing types: Sessions}
{"logTime": "1113/183943", "correlationVector":"9AJGkGAwFTv/sLiSJVco/G.1","action":"SyncServerConnectionManagerRequest", "result":"SYNC_SERVER_OK", "context":{"environment":"Prod_SoutheastAsia_000j", "migrationStage":"NotStarted", "server":"GENERAL0300001S"}}
{"logTime": "1113/183943", "correlationVector":"9AJGkGAwFTv/sLiSJVco/G.2","action":"Commit Response", "result":"Success", "context":Result: Success. cV=9AJGkGAwFTv/sLiSJVco/G.0;server=GENERAL0300001S;cloudType=Consumer;environment=Prod_SoutheastAsia_000j;migrationStage=NotStarted}
{"logTime": "1113/184422", "correlationVector":"u8TKbrsg2Ww8x+liaCatqj","action":"Commit Request", "result":"", "context":Item count: 1
Contributing types: Sessions}
{"logTime": "1113/184422", "correlationVector":"u8TKbrsg2Ww8x+liaCatqj.1","action":"SyncServerConnectionManagerRequest", "result":"SYNC_SERVER_OK", "context":{"environment":"Prod_SoutheastAsia_000j", "migrationStage":"NotStarted", "server":"GENERAL0300000M"}}
{"logTime": "1113/184422", "correlationVector":"u8TKbrsg2Ww8x+liaCatqj.2","action":"Commit Response", "result":"Success", "context":Result: Success. cV=u8TKbrsg2Ww8x+liaCatqj.0;server=GENERAL0300000M;cloudType=Consumer;environment=Prod_SoutheastAsia_000j;migrationStage=NotStarted}
{"logTime": "1113/184453", "correlationVector":"53oQ1IpcBFnfBpy6YL+3lK","action":"Commit Request", "result":"", "context":Item count: 1
Contributing types: Sessions}
{"logTime": "1113/184453", "correlationVector":"53oQ1IpcBFnfBpy6YL+3lK.1","action":"SyncServerConnectionManagerRequest", "result":"SYNC_SERVER_OK", "context":{"environment":"Prod_SoutheastAsia_000j", "migrationStage":"NotStarted", "server":"GENERAL01000000"}}
{"logTime": "1113/184453", "correlationVector":"53oQ1IpcBFnfBpy6YL+3lK.2","action":"Commit Response", "result":"Success", "context":Result: Success. cV=53oQ1IpcBFnfBpy6YL+3lK.0;server=GENERAL01000000;cloudType=Consumer;environment=Prod_SoutheastAsia_000j;migrationStage=NotStarted}
{"logTime": "1113/184602", "correlationVector":"oB8CrvLvaubOfRIVKeivyG","action":"Commit Request", "result":"", "context":Item count: 1
Contributing types: Sessions}
{"logTime": "1113/184602", "correlationVector":"oB8CrvLvaubOfRIVKeivyG.1","action":"SyncServerConnectionManagerRequest", "result":"SYNC_SERVER_OK", "context":{"environment":"Prod_SoutheastAsia_000j", "migrationStage":"NotStarted", "server":"GENERAL01000009"}}
{"logTime": "1113/184602", "correlationVector":"oB8CrvLvaubOfRIVKeivyG.2","action":"Commit Response", "result":"Success", "context":Result: Success. cV=oB8CrvLvaubOfRIVKeivyG.0;server=GENERAL01000009;cloudType=Consumer;environment=Prod_SoutheastAsia_000j;migrationStage=NotStarted}
{"logTime": "1113/184659", "correlationVector":"hzo2xWZ2NbO//8T5qfTZhN","action":"Commit Request", "result":"", "context":Item count: 1
Contributing types: Sessions}
{"logTime": "1113/184659", "correlationVector":"hzo2xWZ2NbO//8T5qfTZhN.1","action":"SyncServerConnectionManagerRequest", "result":"SYNC_SERVER_OK", "context":{"environment":"Prod_SoutheastAsia_000j", "migrationStage":"NotStarted", "server":"GENERAL0100000R"}}
{"logTime": "1113/184659", "correlationVector":"hzo2xWZ2NbO//8T5qfTZhN.2","action":"Commit Response", "result":"Success", "context":Result: Success. cV=hzo2xWZ2NbO//8T5qfTZhN.0;server=GENERAL0100000R;cloudType=Consumer;environment=Prod_SoutheastAsia_000j;migrationStage=NotStarted}
{"logTime": "1113/184733", "correlationVector":"FKOK1+JT3OOmBXrHdO2XW4","action":"Commit Request", "result":"", "context":Item count: 1
Contributing types: Sessions}
{"logTime": "1113/184733", "correlationVector":"FKOK1+JT3OOmBXrHdO2XW4.1","action":"SyncServerConnectionManagerRequest", "result":"SYNC_SERVER_OK", "context":{"environment":"Prod_SoutheastAsia_000j", "migrationStage":"NotStarted", "server":"GENERAL0300001L"}}
{"logTime": "1113/184733", "correlationVector":"FKOK1+JT3OOmBXrHdO2XW4.2","action":"Commit Response", "result":"Success", "context":Result: Success. cV=FKOK1+JT3OOmBXrHdO2XW4.0;server=GENERAL0300001L;cloudType=Consumer;environment=Prod_SoutheastAsia_000j;migrationStage=NotStarted}
{"logTime": "1113/185151", "correlationVector":"mYGmjRFCDnm+Gexq7LtRRD","action":"Commit Request", "result":"", "context":Item count: 1
Contributing types: Sessions}
{"logTime": "1113/185152", "correlationVector":"mYGmjRFCDnm+Gexq7LtRRD.1","action":"SyncServerConnectionManagerRequest", "result":"SYNC_SERVER_OK", "context":{"environment":"Prod_SoutheastAsia_000j", "migrationStage":"NotStarted", "server":"GENERAL01000006"}}
{"logTime": "1113/185152", "correlationVector":"mYGmjRFCDnm+Gexq7LtRRD.2","action":"Commit Response", "result":"Success", "context":Result: Success. cV=mYGmjRFCDnm+Gexq7LtRRD.0;server=GENERAL01000006;cloudType=Consumer;environment=Prod_SoutheastAsia_000j;migrationStage=NotStarted}
{"logTime": "1113/185540", "correlationVector":"jUnJtDGp+CPc74UbfADZTC","action":"Commit Request", "result":"", "context":Item count: 1
Contributing types: Sessions}
{"logTime": "1113/185540", "correlationVector":"jUnJtDGp+CPc74UbfADZTC.1","action":"SyncServerConnectionManagerRequest", "result":"SYNC_SERVER_OK", "context":{"environment":"Prod_SoutheastAsia_000j", "migrationStage":"NotStarted", "server":"GENERAL0100001D"}}
{"logTime": "1113/185540", "correlationVector":"jUnJtDGp+CPc74UbfADZTC.2","action":"Commit Response", "result":"Success", "context":Result: Success. cV=jUnJtDGp+CPc74UbfADZTC.0;server=GENERAL0100001D;cloudType=Consumer;environment=Prod_SoutheastAsia_000j;migrationStage=NotStarted}
